\BOOKMARK [0][-]{chapter.1}{\376\377\0001\000\040\000N\000a\000m\000e\000s\000p\000a\000c\000e\000\040\000I\000n\000d\000e\000x}{}% 1
\BOOKMARK [1][-]{section.1.1}{\376\377\0001\000.\0001\000\040\000P\000a\000c\000k\000a\000g\000e\000s}{chapter.1}% 2
\BOOKMARK [0][-]{chapter.2}{\376\377\0002\000\040\000H\000i\000e\000r\000a\000r\000c\000h\000i\000c\000a\000l\000\040\000I\000n\000d\000e\000x}{}% 3
\BOOKMARK [1][-]{section.2.1}{\376\377\0002\000.\0001\000\040\000C\000l\000a\000s\000s\000\040\000H\000i\000e\000r\000a\000r\000c\000h\000y}{chapter.2}% 4
\BOOKMARK [0][-]{chapter.3}{\376\377\0003\000\040\000C\000l\000a\000s\000s\000\040\000I\000n\000d\000e\000x}{}% 5
\BOOKMARK [1][-]{section.3.1}{\376\377\0003\000.\0001\000\040\000C\000l\000a\000s\000s\000\040\000L\000i\000s\000t}{chapter.3}% 6
\BOOKMARK [0][-]{chapter.4}{\376\377\0004\000\040\000N\000a\000m\000e\000s\000p\000a\000c\000e\000\040\000D\000o\000c\000u\000m\000e\000n\000t\000a\000t\000i\000o\000n}{}% 7
\BOOKMARK [1][-]{section.4.1}{\376\377\0004\000.\0001\000\040\000P\000a\000c\000k\000a\000g\000e\000\040\000q\000u\000a\000s\000y\000l\000a\000b}{chapter.4}% 8
\BOOKMARK [1][-]{section.4.2}{\376\377\0004\000.\0002\000\040\000P\000a\000c\000k\000a\000g\000e\000\040\000q\000u\000a\000s\000y\000l\000a\000b\000.\000s\000i\000b\000i\000l\000l\000a}{chapter.4}% 9
\BOOKMARK [1][-]{section.4.3}{\376\377\0004\000.\0003\000\040\000P\000a\000c\000k\000a\000g\000e\000\040\000q\000u\000a\000s\000y\000l\000a\000b\000.\000s\000i\000b\000i\000l\000l\000a\000.\000c\000o\000r\000e}{chapter.4}% 10
\BOOKMARK [1][-]{section.4.4}{\376\377\0004\000.\0004\000\040\000P\000a\000c\000k\000a\000g\000e\000\040\000q\000u\000a\000s\000y\000l\000a\000b\000.\000s\000i\000b\000i\000l\000l\000a\000.\000c\000o\000r\000e\000.\000n\000e\000t\000w\000o\000r\000k}{chapter.4}% 11
\BOOKMARK [2][-]{subsection.4.4.1}{\376\377\0004\000.\0004\000.\0001\000\040\000D\000e\000t\000a\000i\000l\000e\000d\000\040\000D\000e\000s\000c\000r\000i\000p\000t\000i\000o\000n}{section.4.4}% 12
\BOOKMARK [1][-]{section.4.5}{\376\377\0004\000.\0005\000\040\000P\000a\000c\000k\000a\000g\000e\000\040\000q\000u\000a\000s\000y\000l\000a\000b\000.\000s\000i\000b\000i\000l\000l\000a\000.\000c\000o\000r\000e\000.\000n\000e\000t\000w\000o\000r\000k\000.\000c\000l\000i\000e\000n\000t}{chapter.4}% 13
\BOOKMARK [2][-]{subsection.4.5.1}{\376\377\0004\000.\0005\000.\0001\000\040\000D\000e\000t\000a\000i\000l\000e\000d\000\040\000D\000e\000s\000c\000r\000i\000p\000t\000i\000o\000n}{section.4.5}% 14
\BOOKMARK [1][-]{section.4.6}{\376\377\0004\000.\0006\000\040\000P\000a\000c\000k\000a\000g\000e\000\040\000q\000u\000a\000s\000y\000l\000a\000b\000.\000s\000i\000b\000i\000l\000l\000a\000.\000c\000o\000r\000e\000.\000n\000e\000t\000w\000o\000r\000k\000.\000c\000o\000m\000m\000u\000n\000i\000c\000a\000t\000i\000o\000n}{chapter.4}% 15
\BOOKMARK [2][-]{subsection.4.6.1}{\376\377\0004\000.\0006\000.\0001\000\040\000D\000e\000t\000a\000i\000l\000e\000d\000\040\000D\000e\000s\000c\000r\000i\000p\000t\000i\000o\000n}{section.4.6}% 16
\BOOKMARK [1][-]{section.4.7}{\376\377\0004\000.\0007\000\040\000P\000a\000c\000k\000a\000g\000e\000\040\000q\000u\000a\000s\000y\000l\000a\000b\000.\000s\000i\000b\000i\000l\000l\000a\000.\000c\000o\000r\000e\000.\000n\000e\000t\000w\000o\000r\000k\000.\000c\000o\000m\000p\000r\000e\000s\000s\000i\000o\000n}{chapter.4}% 17
\BOOKMARK [2][-]{subsection.4.7.1}{\376\377\0004\000.\0007\000.\0001\000\040\000D\000e\000t\000a\000i\000l\000e\000d\000\040\000D\000e\000s\000c\000r\000i\000p\000t\000i\000o\000n}{section.4.7}% 18
\BOOKMARK [1][-]{section.4.8}{\376\377\0004\000.\0008\000\040\000P\000a\000c\000k\000a\000g\000e\000\040\000q\000u\000a\000s\000y\000l\000a\000b\000.\000s\000i\000b\000i\000l\000l\000a\000.\000c\000o\000r\000e\000.\000n\000e\000t\000w\000o\000r\000k\000.\000m\000a\000s\000t\000e\000r}{chapter.4}% 19
\BOOKMARK [2][-]{subsection.4.8.1}{\376\377\0004\000.\0008\000.\0001\000\040\000D\000e\000t\000a\000i\000l\000e\000d\000\040\000D\000e\000s\000c\000r\000i\000p\000t\000i\000o\000n}{section.4.8}% 20
\BOOKMARK [1][-]{section.4.9}{\376\377\0004\000.\0009\000\040\000P\000a\000c\000k\000a\000g\000e\000\040\000q\000u\000a\000s\000y\000l\000a\000b\000.\000s\000i\000b\000i\000l\000l\000a\000.\000c\000o\000r\000e\000.\000n\000e\000t\000w\000o\000r\000k\000.\000s\000e\000r\000i\000a\000l\000i\000z\000a\000t\000i\000o\000n}{chapter.4}% 21
\BOOKMARK [2][-]{subsection.4.9.1}{\376\377\0004\000.\0009\000.\0001\000\040\000D\000e\000t\000a\000i\000l\000e\000d\000\040\000D\000e\000s\000c\000r\000i\000p\000t\000i\000o\000n}{section.4.9}% 22
\BOOKMARK [1][-]{section.4.10}{\376\377\0004\000.\0001\0000\000\040\000P\000a\000c\000k\000a\000g\000e\000\040\000q\000u\000a\000s\000y\000l\000a\000b\000.\000s\000i\000b\000i\000l\000l\000a\000.\000c\000o\000r\000e\000.\000n\000e\000t\000w\000o\000r\000k\000.\000s\000l\000a\000v\000e}{chapter.4}% 23
\BOOKMARK [2][-]{subsection.4.10.1}{\376\377\0004\000.\0001\0000\000.\0001\000\040\000D\000e\000t\000a\000i\000l\000e\000d\000\040\000D\000e\000s\000c\000r\000i\000p\000t\000i\000o\000n}{section.4.10}% 24
\BOOKMARK [1][-]{section.4.11}{\376\377\0004\000.\0001\0001\000\040\000P\000a\000c\000k\000a\000g\000e\000\040\000q\000u\000a\000s\000y\000l\000a\000b\000.\000s\000i\000b\000i\000l\000l\000a\000.\000c\000o\000r\000e\000.\000n\000e\000t\000w\000o\000r\000k\000.\000u\000t\000i\000l}{chapter.4}% 25
\BOOKMARK [2][-]{subsection.4.11.1}{\376\377\0004\000.\0001\0001\000.\0001\000\040\000D\000e\000t\000a\000i\000l\000e\000d\000\040\000D\000e\000s\000c\000r\000i\000p\000t\000i\000o\000n}{section.4.11}% 26
\BOOKMARK [0][-]{chapter.5}{\376\377\0005\000\040\000C\000l\000a\000s\000s\000\040\000D\000o\000c\000u\000m\000e\000n\000t\000a\000t\000i\000o\000n}{}% 27
\BOOKMARK [1][-]{section.5.1}{\376\377\0005\000.\0001\000\040\000q\000u\000a\000s\000y\000l\000a\000b\000.\000s\000i\000b\000i\000l\000l\000a\000.\000c\000o\000r\000e\000.\000n\000e\000t\000w\000o\000r\000k\000.\000s\000l\000a\000v\000e\000.\000B\000a\000s\000i\000c\000S\000i\000m\000u\000l\000a\000t\000i\000o\000n\000S\000e\000r\000v\000e\000r\000\040\000C\000l\000a\000s\000s\000\040\000R\000e\000f\000e\000r\000e\000n\000c\000e}{chapter.5}% 28
\BOOKMARK [2][-]{subsection.5.1.1}{\376\377\0005\000.\0001\000.\0001\000\040\000D\000e\000t\000a\000i\000l\000e\000d\000\040\000D\000e\000s\000c\000r\000i\000p\000t\000i\000o\000n}{section.5.1}% 29
\BOOKMARK [2][-]{subsection.5.1.2}{\376\377\0005\000.\0001\000.\0002\000\040\000C\000o\000n\000s\000t\000r\000u\000c\000t\000o\000r\000\040\000\046\000\040\000D\000e\000s\000t\000r\000u\000c\000t\000o\000r\000\040\000D\000o\000c\000u\000m\000e\000n\000t\000a\000t\000i\000o\000n}{section.5.1}% 30
\BOOKMARK [3][-]{subsubsection.5.1.2.1}{\376\377\0005\000.\0001\000.\0002\000.\0001\000\040\000B\000a\000s\000i\000c\000S\000i\000m\000u\000l\000a\000t\000i\000o\000n\000S\000e\000r\000v\000e\000r\000\050\000\051}{subsection.5.1.2}% 31
\BOOKMARK [2][-]{subsection.5.1.3}{\376\377\0005\000.\0001\000.\0003\000\040\000M\000e\000m\000b\000e\000r\000\040\000F\000u\000n\000c\000t\000i\000o\000n\000\040\000D\000o\000c\000u\000m\000e\000n\000t\000a\000t\000i\000o\000n}{section.5.1}% 32
\BOOKMARK [3][-]{subsubsection.5.1.3.1}{\376\377\0005\000.\0001\000.\0003\000.\0001\000\040\000s\000t\000a\000r\000t\000\050\000\051}{subsection.5.1.3}% 33
\BOOKMARK [2][-]{subsection.5.1.4}{\376\377\0005\000.\0001\000.\0004\000\040\000M\000e\000m\000b\000e\000r\000\040\000D\000a\000t\000a\000\040\000D\000o\000c\000u\000m\000e\000n\000t\000a\000t\000i\000o\000n}{section.5.1}% 34
\BOOKMARK [3][-]{subsubsection.5.1.4.1}{\376\377\0005\000.\0001\000.\0004\000.\0001\000\040\000l\000o\000c\000a\000l\000S\000e\000r\000v\000e\000r\000I\000n\000f\000o}{subsection.5.1.4}% 35
\BOOKMARK [3][-]{subsubsection.5.1.4.2}{\376\377\0005\000.\0001\000.\0004\000.\0002\000\040\000L\000O\000G\000G\000E\000R}{subsection.5.1.4}% 36
\BOOKMARK [1][-]{section.5.2}{\376\377\0005\000.\0002\000\040\000q\000u\000a\000s\000y\000l\000a\000b\000.\000s\000i\000b\000i\000l\000l\000a\000.\000c\000o\000r\000e\000.\000n\000e\000t\000w\000o\000r\000k\000.\000s\000e\000r\000i\000a\000l\000i\000z\000a\000t\000i\000o\000n\000.\000C\000l\000a\000s\000s\000B\000y\000t\000e\000s\000L\000o\000a\000d\000e\000r\000\040\000C\000l\000a\000s\000s\000\040\000R\000e\000f\000e\000r\000e\000n\000c\000e}{chapter.5}% 37
\BOOKMARK [2][-]{subsection.5.2.1}{\376\377\0005\000.\0002\000.\0001\000\040\000D\000e\000t\000a\000i\000l\000e\000d\000\040\000D\000e\000s\000c\000r\000i\000p\000t\000i\000o\000n}{section.5.2}% 38
\BOOKMARK [2][-]{subsection.5.2.2}{\376\377\0005\000.\0002\000.\0002\000\040\000M\000e\000m\000b\000e\000r\000\040\000F\000u\000n\000c\000t\000i\000o\000n\000\040\000D\000o\000c\000u\000m\000e\000n\000t\000a\000t\000i\000o\000n}{section.5.2}% 39
\BOOKMARK [3][-]{subsubsection.5.2.2.1}{\376\377\0005\000.\0002\000.\0002\000.\0001\000\040\000l\000o\000a\000d\000C\000l\000a\000s\000s\000B\000y\000t\000e\000s\000\050\000\051}{subsection.5.2.2}% 40
\BOOKMARK [1][-]{section.5.3}{\376\377\0005\000.\0003\000\040\000q\000u\000a\000s\000y\000l\000a\000b\000.\000s\000i\000b\000i\000l\000l\000a\000.\000c\000o\000r\000e\000.\000n\000e\000t\000w\000o\000r\000k\000.\000c\000l\000i\000e\000n\000t\000.\000C\000l\000i\000e\000n\000t\000C\000o\000m\000m\000a\000n\000d\000\040\000E\000n\000u\000m\000\040\000R\000e\000f\000e\000r\000e\000n\000c\000e}{chapter.5}% 41
\BOOKMARK [2][-]{subsection.5.3.1}{\376\377\0005\000.\0003\000.\0001\000\040\000D\000e\000t\000a\000i\000l\000e\000d\000\040\000D\000e\000s\000c\000r\000i\000p\000t\000i\000o\000n}{section.5.3}% 42
\BOOKMARK [2][-]{subsection.5.3.2}{\376\377\0005\000.\0003\000.\0002\000\040\000M\000e\000m\000b\000e\000r\000\040\000D\000a\000t\000a\000\040\000D\000o\000c\000u\000m\000e\000n\000t\000a\000t\000i\000o\000n}{section.5.3}% 43
\BOOKMARK [3][-]{subsubsection.5.3.2.1}{\376\377\0005\000.\0003\000.\0002\000.\0001\000\040\000C\000L\000O\000S\000E\000\137\000C\000O\000N\000N\000E\000C\000T\000I\000O\000N}{subsection.5.3.2}% 44
\BOOKMARK [3][-]{subsubsection.5.3.2.2}{\376\377\0005\000.\0003\000.\0002\000.\0002\000\040\000D\000A\000T\000A}{subsection.5.3.2}% 45
\BOOKMARK [3][-]{subsubsection.5.3.2.3}{\376\377\0005\000.\0003\000.\0002\000.\0003\000\040\000I\000N\000I\000T}{subsection.5.3.2}% 46
\BOOKMARK [3][-]{subsubsection.5.3.2.4}{\376\377\0005\000.\0003\000.\0002\000.\0004\000\040\000P\000I\000N\000G}{subsection.5.3.2}% 47
\BOOKMARK [1][-]{section.5.4}{\376\377\0005\000.\0004\000\040\000q\000u\000a\000s\000y\000l\000a\000b\000.\000s\000i\000b\000i\000l\000l\000a\000.\000c\000o\000r\000e\000.\000n\000e\000t\000w\000o\000r\000k\000.\000c\000l\000i\000e\000n\000t\000.\000C\000l\000i\000e\000n\000t\000S\000i\000m\000u\000l\000a\000t\000i\000o\000n\000E\000n\000v\000i\000r\000o\000n\000m\000e\000n\000t\000<\000\040\000S\000\040\000e\000x\000t\000e\000n\000d\000s\000\040\000S\000t\000a\000t\000e\000\040\000>\000\040\000C\000l\000a\000s\000s\000\040\000T\000e\000m\000p\000l\000a\000t\000e\000\040\000R\000e\000f\000e\000r\000e\000n\000c\000e}{chapter.5}% 48
\BOOKMARK [2][-]{subsection.5.4.1}{\376\377\0005\000.\0004\000.\0001\000\040\000D\000e\000t\000a\000i\000l\000e\000d\000\040\000D\000e\000s\000c\000r\000i\000p\000t\000i\000o\000n}{section.5.4}% 49
\BOOKMARK [2][-]{subsection.5.4.2}{\376\377\0005\000.\0004\000.\0002\000\040\000C\000o\000n\000s\000t\000r\000u\000c\000t\000o\000r\000\040\000\046\000\040\000D\000e\000s\000t\000r\000u\000c\000t\000o\000r\000\040\000D\000o\000c\000u\000m\000e\000n\000t\000a\000t\000i\000o\000n}{section.5.4}% 50
\BOOKMARK [3][-]{subsubsection.5.4.2.1}{\376\377\0005\000.\0004\000.\0002\000.\0001\000\040\000C\000l\000i\000e\000n\000t\000S\000i\000m\000u\000l\000a\000t\000i\000o\000n\000E\000n\000v\000i\000r\000o\000n\000m\000e\000n\000t\000\050\000\051}{subsection.5.4.2}% 51
\BOOKMARK [1][-]{section.5.5}{\376\377\0005\000.\0005\000\040\000q\000u\000a\000s\000y\000l\000a\000b\000.\000s\000i\000b\000i\000l\000l\000a\000.\000c\000o\000r\000e\000.\000n\000e\000t\000w\000o\000r\000k\000.\000c\000o\000m\000p\000r\000e\000s\000s\000i\000o\000n\000.\000C\000o\000m\000p\000r\000e\000s\000s\000o\000r\000\040\000C\000l\000a\000s\000s\000\040\000R\000e\000f\000e\000r\000e\000n\000c\000e}{chapter.5}% 52
\BOOKMARK [2][-]{subsection.5.5.1}{\376\377\0005\000.\0005\000.\0001\000\040\000D\000e\000t\000a\000i\000l\000e\000d\000\040\000D\000e\000s\000c\000r\000i\000p\000t\000i\000o\000n}{section.5.5}% 53
\BOOKMARK [2][-]{subsection.5.5.2}{\376\377\0005\000.\0005\000.\0002\000\040\000M\000e\000m\000b\000e\000r\000\040\000F\000u\000n\000c\000t\000i\000o\000n\000\040\000D\000o\000c\000u\000m\000e\000n\000t\000a\000t\000i\000o\000n}{section.5.5}% 54
\BOOKMARK [3][-]{subsubsection.5.5.2.1}{\376\377\0005\000.\0005\000.\0002\000.\0001\000\040\000c\000o\000m\000p\000r\000e\000s\000s\000\050\000\051}{subsection.5.5.2}% 55
\BOOKMARK [3][-]{subsubsection.5.5.2.2}{\376\377\0005\000.\0005\000.\0002\000.\0002\000\040\000d\000e\000c\000o\000m\000p\000r\000e\000s\000s\000\050\000\051}{subsection.5.5.2}% 56
\BOOKMARK [1][-]{section.5.6}{\376\377\0005\000.\0006\000\040\000q\000u\000a\000s\000y\000l\000a\000b\000.\000s\000i\000b\000i\000l\000l\000a\000.\000c\000o\000r\000e\000.\000n\000e\000t\000w\000o\000r\000k\000.\000C\000o\000m\000p\000u\000t\000a\000t\000i\000o\000n\000R\000e\000s\000u\000l\000t\000<\000\040\000S\000\040\000e\000x\000t\000e\000n\000d\000s\000\040\000S\000t\000a\000t\000e\000\040\000>\000\040\000C\000l\000a\000s\000s\000\040\000T\000e\000m\000p\000l\000a\000t\000e\000\040\000R\000e\000f\000e\000r\000e\000n\000c\000e}{chapter.5}% 57
\BOOKMARK [2][-]{subsection.5.6.1}{\376\377\0005\000.\0006\000.\0001\000\040\000D\000e\000t\000a\000i\000l\000e\000d\000\040\000D\000e\000s\000c\000r\000i\000p\000t\000i\000o\000n}{section.5.6}% 58
\BOOKMARK [2][-]{subsection.5.6.2}{\376\377\0005\000.\0006\000.\0002\000\040\000C\000o\000n\000s\000t\000r\000u\000c\000t\000o\000r\000\040\000\046\000\040\000D\000e\000s\000t\000r\000u\000c\000t\000o\000r\000\040\000D\000o\000c\000u\000m\000e\000n\000t\000a\000t\000i\000o\000n}{section.5.6}% 59
\BOOKMARK [3][-]{subsubsection.5.6.2.1}{\376\377\0005\000.\0006\000.\0002\000.\0001\000\040\000C\000o\000m\000p\000u\000t\000a\000t\000i\000o\000n\000R\000e\000s\000u\000l\000t\000\050\000\051}{subsection.5.6.2}% 60
\BOOKMARK [2][-]{subsection.5.6.3}{\376\377\0005\000.\0006\000.\0003\000\040\000M\000e\000m\000b\000e\000r\000\040\000F\000u\000n\000c\000t\000i\000o\000n\000\040\000D\000o\000c\000u\000m\000e\000n\000t\000a\000t\000i\000o\000n}{section.5.6}% 61
\BOOKMARK [3][-]{subsubsection.5.6.3.1}{\376\377\0005\000.\0006\000.\0003\000.\0001\000\040\000g\000e\000t\000R\000e\000s\000u\000l\000t\000s\000\050\000\051}{subsection.5.6.3}% 62
\BOOKMARK [1][-]{section.5.7}{\376\377\0005\000.\0007\000\040\000q\000u\000a\000s\000y\000l\000a\000b\000.\000s\000i\000b\000i\000l\000l\000a\000.\000c\000o\000r\000e\000.\000n\000e\000t\000w\000o\000r\000k\000.\000s\000e\000r\000i\000a\000l\000i\000z\000a\000t\000i\000o\000n\000.\000C\000u\000s\000t\000o\000m\000C\000l\000a\000s\000s\000L\000o\000a\000d\000e\000r\000\040\000C\000l\000a\000s\000s\000\040\000R\000e\000f\000e\000r\000e\000n\000c\000e}{chapter.5}% 63
\BOOKMARK [2][-]{subsection.5.7.1}{\376\377\0005\000.\0007\000.\0001\000\040\000D\000e\000t\000a\000i\000l\000e\000d\000\040\000D\000e\000s\000c\000r\000i\000p\000t\000i\000o\000n}{section.5.7}% 64
\BOOKMARK [2][-]{subsection.5.7.2}{\376\377\0005\000.\0007\000.\0002\000\040\000M\000e\000m\000b\000e\000r\000\040\000F\000u\000n\000c\000t\000i\000o\000n\000\040\000D\000o\000c\000u\000m\000e\000n\000t\000a\000t\000i\000o\000n}{section.5.7}% 65
\BOOKMARK [3][-]{subsubsection.5.7.2.1}{\376\377\0005\000.\0007\000.\0002\000.\0001\000\040\000d\000e\000f\000C\000l\000a\000s\000s\000\050\000\051}{subsection.5.7.2}% 66
\BOOKMARK [3][-]{subsubsection.5.7.2.2}{\376\377\0005\000.\0007\000.\0002\000.\0002\000\040\000l\000o\000a\000d\000C\000l\000a\000s\000s\000B\000y\000t\000e\000s\000\050\000\051}{subsection.5.7.2}% 67
\BOOKMARK [3][-]{subsubsection.5.7.2.3}{\376\377\0005\000.\0007\000.\0002\000.\0003\000\040\000r\000e\000m\000o\000v\000e\000C\000l\000a\000s\000s\000B\000y\000t\000e\000s\000\050\000\051}{subsection.5.7.2}% 68
\BOOKMARK [1][-]{section.5.8}{\376\377\0005\000.\0008\000\040\000q\000u\000a\000s\000y\000l\000a\000b\000.\000s\000i\000b\000i\000l\000l\000a\000.\000c\000o\000r\000e\000.\000n\000e\000t\000w\000o\000r\000k\000.\000s\000l\000a\000v\000e\000.\000D\000i\000s\000c\000o\000v\000e\000r\000a\000b\000l\000e\000B\000a\000s\000i\000c\000S\000i\000m\000u\000l\000a\000t\000i\000o\000n\000S\000e\000r\000v\000e\000r\000\040\000C\000l\000a\000s\000s\000\040\000R\000e\000f\000e\000r\000e\000n\000c\000e}{chapter.5}% 69
\BOOKMARK [2][-]{subsection.5.8.1}{\376\377\0005\000.\0008\000.\0001\000\040\000D\000e\000t\000a\000i\000l\000e\000d\000\040\000D\000e\000s\000c\000r\000i\000p\000t\000i\000o\000n}{section.5.8}% 70
\BOOKMARK [2][-]{subsection.5.8.2}{\376\377\0005\000.\0008\000.\0002\000\040\000C\000o\000n\000s\000t\000r\000u\000c\000t\000o\000r\000\040\000\046\000\040\000D\000e\000s\000t\000r\000u\000c\000t\000o\000r\000\040\000D\000o\000c\000u\000m\000e\000n\000t\000a\000t\000i\000o\000n}{section.5.8}% 71
\BOOKMARK [3][-]{subsubsection.5.8.2.1}{\376\377\0005\000.\0008\000.\0002\000.\0001\000\040\000D\000i\000s\000c\000o\000v\000e\000r\000a\000b\000l\000e\000B\000a\000s\000i\000c\000S\000i\000m\000u\000l\000a\000t\000i\000o\000n\000S\000e\000r\000v\000e\000r\000\050\000\051}{subsection.5.8.2}% 72
\BOOKMARK [1][-]{section.5.9}{\376\377\0005\000.\0009\000\040\000q\000u\000a\000s\000y\000l\000a\000b\000.\000s\000i\000b\000i\000l\000l\000a\000.\000c\000o\000r\000e\000.\000n\000e\000t\000w\000o\000r\000k\000.\000H\000o\000s\000t\000L\000o\000g\000g\000e\000r\000S\000u\000p\000p\000l\000i\000e\000r\000\040\000C\000l\000a\000s\000s\000\040\000R\000e\000f\000e\000r\000e\000n\000c\000e}{chapter.5}% 73
\BOOKMARK [2][-]{subsection.5.9.1}{\376\377\0005\000.\0009\000.\0001\000\040\000D\000e\000t\000a\000i\000l\000e\000d\000\040\000D\000e\000s\000c\000r\000i\000p\000t\000i\000o\000n}{section.5.9}% 74
\BOOKMARK [2][-]{subsection.5.9.2}{\376\377\0005\000.\0009\000.\0002\000\040\000M\000e\000m\000b\000e\000r\000\040\000F\000u\000n\000c\000t\000i\000o\000n\000\040\000D\000o\000c\000u\000m\000e\000n\000t\000a\000t\000i\000o\000n}{section.5.9}% 75
\BOOKMARK [3][-]{subsubsection.5.9.2.1}{\376\377\0005\000.\0009\000.\0002\000.\0001\000\040\000g\000e\000t\000I\000n\000s\000t\000a\000n\000c\000e\000\050\000\051\000\040\000[\0001\000/\0002\000]}{subsection.5.9.2}% 76
\BOOKMARK [3][-]{subsubsection.5.9.2.2}{\376\377\0005\000.\0009\000.\0002\000.\0002\000\040\000g\000e\000t\000I\000n\000s\000t\000a\000n\000c\000e\000\050\000\051\000\040\000[\0002\000/\0002\000]}{subsection.5.9.2}% 77
\BOOKMARK [3][-]{subsubsection.5.9.2.3}{\376\377\0005\000.\0009\000.\0002\000.\0003\000\040\000g\000e\000t\000L\000o\000g\000g\000e\000r\000\050\000\051}{subsection.5.9.2}% 78
\BOOKMARK [1][-]{section.5.10}{\376\377\0005\000.\0001\0000\000\040\000q\000u\000a\000s\000y\000l\000a\000b\000.\000s\000i\000b\000i\000l\000l\000a\000.\000c\000o\000r\000e\000.\000n\000e\000t\000w\000o\000r\000k\000.\000m\000a\000s\000t\000e\000r\000.\000M\000a\000s\000t\000e\000r\000C\000o\000m\000m\000a\000n\000d\000\040\000E\000n\000u\000m\000\040\000R\000e\000f\000e\000r\000e\000n\000c\000e}{chapter.5}% 79
\BOOKMARK [2][-]{subsection.5.10.1}{\376\377\0005\000.\0001\0000\000.\0001\000\040\000D\000e\000t\000a\000i\000l\000e\000d\000\040\000D\000e\000s\000c\000r\000i\000p\000t\000i\000o\000n}{section.5.10}% 80
\BOOKMARK [2][-]{subsection.5.10.2}{\376\377\0005\000.\0001\0000\000.\0002\000\040\000M\000e\000m\000b\000e\000r\000\040\000D\000a\000t\000a\000\040\000D\000o\000c\000u\000m\000e\000n\000t\000a\000t\000i\000o\000n}{section.5.10}% 81
\BOOKMARK [3][-]{subsubsection.5.10.2.1}{\376\377\0005\000.\0001\0000\000.\0002\000.\0001\000\040\000C\000L\000O\000S\000E\000\137\000C\000O\000N\000N\000E\000C\000T\000I\000O\000N}{subsection.5.10.2}% 82
\BOOKMARK [3][-]{subsubsection.5.10.2.2}{\376\377\0005\000.\0001\0000\000.\0002\000.\0002\000\040\000D\000A\000T\000A\000\137\000R\000E\000S\000P\000O\000N\000S\000E}{subsection.5.10.2}% 83
\BOOKMARK [3][-]{subsubsection.5.10.2.3}{\376\377\0005\000.\0001\0000\000.\0002\000.\0003\000\040\000I\000N\000I\000T}{subsection.5.10.2}% 84
\BOOKMARK [3][-]{subsubsection.5.10.2.4}{\376\377\0005\000.\0001\0000\000.\0002\000.\0004\000\040\000I\000N\000I\000T\000\137\000R\000E\000S\000P\000O\000N\000S\000E}{subsection.5.10.2}% 85
\BOOKMARK [3][-]{subsubsection.5.10.2.5}{\376\377\0005\000.\0001\0000\000.\0002\000.\0005\000\040\000P\000I\000N\000G}{subsection.5.10.2}% 86
\BOOKMARK [3][-]{subsubsection.5.10.2.6}{\376\377\0005\000.\0001\0000\000.\0002\000.\0006\000\040\000P\000O\000N\000G}{subsection.5.10.2}% 87
\BOOKMARK [3][-]{subsubsection.5.10.2.7}{\376\377\0005\000.\0001\0000\000.\0002\000.\0007\000\040\000R\000E\000S\000U\000L\000T\000S}{subsection.5.10.2}% 88
\BOOKMARK [3][-]{subsubsection.5.10.2.8}{\376\377\0005\000.\0001\0000\000.\0002\000.\0008\000\040\000T\000A\000S\000K}{subsection.5.10.2}% 89
\BOOKMARK [1][-]{section.5.11}{\376\377\0005\000.\0001\0001\000\040\000q\000u\000a\000s\000y\000l\000a\000b\000.\000s\000i\000b\000i\000l\000l\000a\000.\000c\000o\000r\000e\000.\000n\000e\000t\000w\000o\000r\000k\000.\000m\000a\000s\000t\000e\000r\000.\000M\000a\000s\000t\000e\000r\000S\000e\000r\000v\000e\000r\000S\000i\000m\000u\000l\000a\000t\000i\000o\000n\000E\000n\000v\000i\000r\000o\000n\000m\000e\000n\000t\000\040\000C\000l\000a\000s\000s\000\040\000R\000e\000f\000e\000r\000e\000n\000c\000e}{chapter.5}% 90
\BOOKMARK [2][-]{subsection.5.11.1}{\376\377\0005\000.\0001\0001\000.\0001\000\040\000D\000e\000t\000a\000i\000l\000e\000d\000\040\000D\000e\000s\000c\000r\000i\000p\000t\000i\000o\000n}{section.5.11}% 91
\BOOKMARK [2][-]{subsection.5.11.2}{\376\377\0005\000.\0001\0001\000.\0002\000\040\000C\000o\000n\000s\000t\000r\000u\000c\000t\000o\000r\000\040\000\046\000\040\000D\000e\000s\000t\000r\000u\000c\000t\000o\000r\000\040\000D\000o\000c\000u\000m\000e\000n\000t\000a\000t\000i\000o\000n}{section.5.11}% 92
\BOOKMARK [3][-]{subsubsection.5.11.2.1}{\376\377\0005\000.\0001\0001\000.\0002\000.\0001\000\040\000M\000a\000s\000t\000e\000r\000S\000e\000r\000v\000e\000r\000S\000i\000m\000u\000l\000a\000t\000i\000o\000n\000E\000n\000v\000i\000r\000o\000n\000m\000e\000n\000t\000\050\000\051}{subsection.5.11.2}% 93
\BOOKMARK [2][-]{subsection.5.11.3}{\376\377\0005\000.\0001\0001\000.\0003\000\040\000M\000e\000m\000b\000e\000r\000\040\000F\000u\000n\000c\000t\000i\000o\000n\000\040\000D\000o\000c\000u\000m\000e\000n\000t\000a\000t\000i\000o\000n}{section.5.11}% 94
\BOOKMARK [3][-]{subsubsection.5.11.3.1}{\376\377\0005\000.\0001\0001\000.\0003\000.\0001\000\040\000p\000r\000o\000p\000e\000r\000t\000y\000C\000h\000a\000n\000g\000e\000\050\000\051}{subsection.5.11.3}% 95
\BOOKMARK [1][-]{section.5.12}{\376\377\0005\000.\0001\0002\000\040\000q\000u\000a\000s\000y\000l\000a\000b\000.\000s\000i\000b\000i\000l\000l\000a\000.\000c\000o\000r\000e\000.\000n\000e\000t\000w\000o\000r\000k\000.\000m\000a\000s\000t\000e\000r\000.\000M\000a\000s\000t\000e\000r\000S\000t\000a\000t\000e\000\040\000C\000l\000a\000s\000s\000\040\000R\000e\000f\000e\000r\000e\000n\000c\000e}{chapter.5}% 96
\BOOKMARK [2][-]{subsection.5.12.1}{\376\377\0005\000.\0001\0002\000.\0001\000\040\000D\000e\000t\000a\000i\000l\000e\000d\000\040\000D\000e\000s\000c\000r\000i\000p\000t\000i\000o\000n}{section.5.12}% 97
\BOOKMARK [2][-]{subsection.5.12.2}{\376\377\0005\000.\0001\0002\000.\0002\000\040\000C\000o\000n\000s\000t\000r\000u\000c\000t\000o\000r\000\040\000\046\000\040\000D\000e\000s\000t\000r\000u\000c\000t\000o\000r\000\040\000D\000o\000c\000u\000m\000e\000n\000t\000a\000t\000i\000o\000n}{section.5.12}% 98
\BOOKMARK [3][-]{subsubsection.5.12.2.1}{\376\377\0005\000.\0001\0002\000.\0002\000.\0001\000\040\000M\000a\000s\000t\000e\000r\000S\000t\000a\000t\000e\000\050\000\051}{subsection.5.12.2}% 99
\BOOKMARK [2][-]{subsection.5.12.3}{\376\377\0005\000.\0001\0002\000.\0003\000\040\000M\000e\000m\000b\000e\000r\000\040\000F\000u\000n\000c\000t\000i\000o\000n\000\040\000D\000o\000c\000u\000m\000e\000n\000t\000a\000t\000i\000o\000n}{section.5.12}% 100
\BOOKMARK [3][-]{subsubsection.5.12.3.1}{\376\377\0005\000.\0001\0002\000.\0003\000.\0001\000\040\000a\000d\000d\000P\000r\000o\000p\000e\000r\000t\000y\000C\000h\000a\000n\000g\000e\000L\000i\000s\000t\000e\000n\000e\000r\000\050\000\051}{subsection.5.12.3}% 101
\BOOKMARK [3][-]{subsubsection.5.12.3.2}{\376\377\0005\000.\0001\0002\000.\0003\000.\0002\000\040\000a\000d\000d\000S\000i\000m\000u\000l\000a\000t\000i\000o\000n\000\050\000\051}{subsection.5.12.3}% 102
\BOOKMARK [3][-]{subsubsection.5.12.3.3}{\376\377\0005\000.\0001\0002\000.\0003\000.\0003\000\040\000a\000d\000d\000S\000l\000a\000v\000e\000S\000e\000r\000v\000e\000r\000\050\000\051}{subsection.5.12.3}% 103
\BOOKMARK [3][-]{subsubsection.5.12.3.4}{\376\377\0005\000.\0001\0002\000.\0003\000.\0004\000\040\000c\000l\000o\000n\000e\000\050\000\051}{subsection.5.12.3}% 104
\BOOKMARK [3][-]{subsubsection.5.12.3.5}{\376\377\0005\000.\0001\0002\000.\0003\000.\0005\000\040\000c\000o\000m\000p\000a\000r\000e\000T\000o\000\050\000\051}{subsection.5.12.3}% 105
\BOOKMARK [3][-]{subsubsection.5.12.3.6}{\376\377\0005\000.\0001\0002\000.\0003\000.\0006\000\040\000e\000q\000u\000a\000l\000s\000\050\000\051}{subsection.5.12.3}% 106
\BOOKMARK [3][-]{subsubsection.5.12.3.7}{\376\377\0005\000.\0001\0002\000.\0003\000.\0007\000\040\000g\000e\000t\000C\000o\000n\000n\000e\000c\000t\000e\000d\000S\000l\000a\000v\000e\000S\000e\000r\000v\000e\000r\000s\000\050\000\051}{subsection.5.12.3}% 107
\BOOKMARK [3][-]{subsubsection.5.12.3.8}{\376\377\0005\000.\0001\0002\000.\0003\000.\0008\000\040\000g\000e\000t\000E\000x\000e\000c\000u\000t\000e\000d\000S\000i\000m\000u\000l\000a\000t\000i\000o\000n\000s\000\050\000\051}{subsection.5.12.3}% 108
\BOOKMARK [3][-]{subsubsection.5.12.3.9}{\376\377\0005\000.\0001\0002\000.\0003\000.\0009\000\040\000g\000e\000t\000M\000a\000s\000t\000e\000r\000N\000e\000t\000w\000o\000r\000k\000I\000n\000f\000o\000\050\000\051}{subsection.5.12.3}% 109
\BOOKMARK [3][-]{subsubsection.5.12.3.10}{\376\377\0005\000.\0001\0002\000.\0003\000.\0001\0000\000\040\000g\000e\000t\000M\000a\000s\000t\000e\000r\000S\000e\000r\000v\000e\000r\000S\000t\000a\000r\000t\000D\000a\000t\000e\000\050\000\051}{subsection.5.12.3}% 110
\BOOKMARK [3][-]{subsubsection.5.12.3.11}{\376\377\0005\000.\0001\0002\000.\0003\000.\0001\0001\000\040\000g\000e\000t\000S\000i\000m\000u\000l\000a\000t\000i\000o\000n\000S\000t\000a\000t\000e\000s\000\050\000\051}{subsection.5.12.3}% 111
\BOOKMARK [3][-]{subsubsection.5.12.3.12}{\376\377\0005\000.\0001\0002\000.\0003\000.\0001\0002\000\040\000g\000e\000t\000S\000l\000a\000v\000e\000S\000e\000r\000v\000e\000r\000s\000N\000e\000t\000w\000o\000r\000k\000I\000n\000f\000o\000s\000\050\000\051}{subsection.5.12.3}% 112
\BOOKMARK [3][-]{subsubsection.5.12.3.13}{\376\377\0005\000.\0001\0002\000.\0003\000.\0001\0003\000\040\000h\000a\000s\000h\000C\000o\000d\000e\000\050\000\051}{subsection.5.12.3}% 113
\BOOKMARK [3][-]{subsubsection.5.12.3.14}{\376\377\0005\000.\0001\0002\000.\0003\000.\0001\0004\000\040\000i\000n\000c\000r\000e\000a\000s\000e\000E\000x\000e\000c\000u\000t\000e\000d\000S\000i\000m\000u\000l\000a\000t\000i\000o\000n\000s\000\050\000\051}{subsection.5.12.3}% 114
\BOOKMARK [3][-]{subsubsection.5.12.3.15}{\376\377\0005\000.\0001\0002\000.\0003\000.\0001\0005\000\040\000p\000r\000o\000p\000e\000r\000t\000y\000C\000h\000a\000n\000g\000e\000\050\000\051}{subsection.5.12.3}% 115
\BOOKMARK [3][-]{subsubsection.5.12.3.16}{\376\377\0005\000.\0001\0002\000.\0003\000.\0001\0006\000\040\000r\000e\000m\000o\000v\000e\000S\000i\000m\000u\000l\000a\000t\000i\000o\000n\000\050\000\051}{subsection.5.12.3}% 116
\BOOKMARK [3][-]{subsubsection.5.12.3.17}{\376\377\0005\000.\0001\0002\000.\0003\000.\0001\0007\000\040\000r\000e\000m\000o\000v\000e\000S\000l\000a\000v\000e\000S\000e\000r\000v\000e\000r\000\050\000\051}{subsection.5.12.3}% 117
\BOOKMARK [1][-]{section.5.13}{\376\377\0005\000.\0001\0003\000\040\000q\000u\000a\000s\000y\000l\000a\000b\000.\000s\000i\000b\000i\000l\000l\000a\000.\000c\000o\000r\000e\000.\000n\000e\000t\000w\000o\000r\000k\000.\000N\000e\000t\000w\000o\000r\000k\000I\000n\000f\000o\000\040\000C\000l\000a\000s\000s\000\040\000R\000e\000f\000e\000r\000e\000n\000c\000e}{chapter.5}% 118
\BOOKMARK [2][-]{subsection.5.13.1}{\376\377\0005\000.\0001\0003\000.\0001\000\040\000D\000e\000t\000a\000i\000l\000e\000d\000\040\000D\000e\000s\000c\000r\000i\000p\000t\000i\000o\000n}{section.5.13}% 119
\BOOKMARK [2][-]{subsection.5.13.2}{\376\377\0005\000.\0001\0003\000.\0002\000\040\000C\000o\000n\000s\000t\000r\000u\000c\000t\000o\000r\000\040\000\046\000\040\000D\000e\000s\000t\000r\000u\000c\000t\000o\000r\000\040\000D\000o\000c\000u\000m\000e\000n\000t\000a\000t\000i\000o\000n}{section.5.13}% 120
\BOOKMARK [3][-]{subsubsection.5.13.2.1}{\376\377\0005\000.\0001\0003\000.\0002\000.\0001\000\040\000N\000e\000t\000w\000o\000r\000k\000I\000n\000f\000o\000\050\000\051}{subsection.5.13.2}% 121
\BOOKMARK [2][-]{subsection.5.13.3}{\376\377\0005\000.\0001\0003\000.\0003\000\040\000M\000e\000m\000b\000e\000r\000\040\000F\000u\000n\000c\000t\000i\000o\000n\000\040\000D\000o\000c\000u\000m\000e\000n\000t\000a\000t\000i\000o\000n}{section.5.13}% 122
\BOOKMARK [3][-]{subsubsection.5.13.3.1}{\376\377\0005\000.\0001\0003\000.\0003\000.\0001\000\040\000c\000l\000o\000n\000e\000\050\000\051}{subsection.5.13.3}% 123
\BOOKMARK [3][-]{subsubsection.5.13.3.2}{\376\377\0005\000.\0001\0003\000.\0003\000.\0002\000\040\000e\000q\000u\000a\000l\000s\000\050\000\051}{subsection.5.13.3}% 124
\BOOKMARK [3][-]{subsubsection.5.13.3.3}{\376\377\0005\000.\0001\0003\000.\0003\000.\0003\000\040\000g\000e\000t\000A\000d\000d\000r\000e\000s\000s\000\050\000\051}{subsection.5.13.3}% 125
\BOOKMARK [3][-]{subsubsection.5.13.3.4}{\376\377\0005\000.\0001\0003\000.\0003\000.\0004\000\040\000g\000e\000t\000P\000o\000r\000t\000\050\000\051}{subsection.5.13.3}% 126
\BOOKMARK [3][-]{subsubsection.5.13.3.5}{\376\377\0005\000.\0001\0003\000.\0003\000.\0005\000\040\000g\000e\000t\000T\000y\000p\000e\000\050\000\051}{subsection.5.13.3}% 127
\BOOKMARK [3][-]{subsubsection.5.13.3.6}{\376\377\0005\000.\0001\0003\000.\0003\000.\0006\000\040\000h\000a\000s\000h\000C\000o\000d\000e\000\050\000\051}{subsection.5.13.3}% 128
\BOOKMARK [3][-]{subsubsection.5.13.3.7}{\376\377\0005\000.\0001\0003\000.\0003\000.\0007\000\040\000t\000o\000S\000t\000r\000i\000n\000g\000\050\000\051}{subsection.5.13.3}% 129
\BOOKMARK [1][-]{section.5.14}{\376\377\0005\000.\0001\0004\000\040\000q\000u\000a\000s\000y\000l\000a\000b\000.\000s\000i\000b\000i\000l\000l\000a\000.\000c\000o\000r\000e\000.\000n\000e\000t\000w\000o\000r\000k\000.\000c\000o\000m\000m\000u\000n\000i\000c\000a\000t\000i\000o\000n\000.\000N\000e\000t\000w\000o\000r\000k\000M\000a\000n\000a\000g\000e\000r\000T\000y\000p\000e\000\040\000I\000n\000t\000e\000r\000f\000a\000c\000e\000\040\000R\000e\000f\000e\000r\000e\000n\000c\000e}{chapter.5}% 130
\BOOKMARK [2][-]{subsection.5.14.1}{\376\377\0005\000.\0001\0004\000.\0001\000\040\000D\000e\000t\000a\000i\000l\000e\000d\000\040\000D\000e\000s\000c\000r\000i\000p\000t\000i\000o\000n}{section.5.14}% 131
\BOOKMARK [1][-]{section.5.15}{\376\377\0005\000.\0001\0005\000\040\000q\000u\000a\000s\000y\000l\000a\000b\000.\000s\000i\000b\000i\000l\000l\000a\000.\000c\000o\000r\000e\000.\000n\000e\000t\000w\000o\000r\000k\000.\000m\000a\000s\000t\000e\000r\000.\000N\000e\000t\000w\000o\000r\000k\000S\000i\000m\000u\000l\000a\000t\000i\000o\000n\000M\000a\000n\000a\000g\000e\000r\000<\000\040\000S\000\040\000e\000x\000t\000e\000n\000d\000s\000\040\000S\000t\000a\000t\000e\000\040\000>\000\040\000C\000l\000a\000s\000s\000\040\000T\000e\000m\000p\000l\000a\000t\000e\000\040\000R\000e\000f\000e\000r\000e\000n\000c\000e}{chapter.5}% 132
\BOOKMARK [2][-]{subsection.5.15.1}{\376\377\0005\000.\0001\0005\000.\0001\000\040\000D\000e\000t\000a\000i\000l\000e\000d\000\040\000D\000e\000s\000c\000r\000i\000p\000t\000i\000o\000n}{section.5.15}% 133
\BOOKMARK [2][-]{subsection.5.15.2}{\376\377\0005\000.\0001\0005\000.\0002\000\040\000C\000o\000n\000s\000t\000r\000u\000c\000t\000o\000r\000\040\000\046\000\040\000D\000e\000s\000t\000r\000u\000c\000t\000o\000r\000\040\000D\000o\000c\000u\000m\000e\000n\000t\000a\000t\000i\000o\000n}{section.5.15}% 134
\BOOKMARK [3][-]{subsubsection.5.15.2.1}{\376\377\0005\000.\0001\0005\000.\0002\000.\0001\000\040\000N\000e\000t\000w\000o\000r\000k\000S\000i\000m\000u\000l\000a\000t\000i\000o\000n\000M\000a\000n\000a\000g\000e\000r\000\050\000\051}{subsection.5.15.2}% 135
\BOOKMARK [2][-]{subsection.5.15.3}{\376\377\0005\000.\0001\0005\000.\0003\000\040\000M\000e\000m\000b\000e\000r\000\040\000F\000u\000n\000c\000t\000i\000o\000n\000\040\000D\000o\000c\000u\000m\000e\000n\000t\000a\000t\000i\000o\000n}{section.5.15}% 136
\BOOKMARK [3][-]{subsubsection.5.15.3.1}{\376\377\0005\000.\0001\0005\000.\0003\000.\0001\000\040\000g\000e\000t\000N\000e\000t\000w\000o\000r\000k\000S\000i\000m\000u\000l\000a\000t\000i\000o\000n\000M\000a\000n\000a\000g\000e\000r\000F\000a\000c\000t\000o\000r\000y\000\050\000\051}{subsection.5.15.3}% 137
\BOOKMARK [3][-]{subsubsection.5.15.3.2}{\376\377\0005\000.\0001\0005\000.\0003\000.\0002\000\040\000j\000o\000i\000n\000\050\000\051}{subsection.5.15.3}% 138
\BOOKMARK [3][-]{subsubsection.5.15.3.3}{\376\377\0005\000.\0001\0005\000.\0003\000.\0003\000\040\000s\000t\000a\000r\000t\000T\000a\000s\000k\000s\000H\000a\000n\000d\000l\000i\000n\000g\000\050\000\051}{subsection.5.15.3}% 139
\BOOKMARK [1][-]{section.5.16}{\376\377\0005\000.\0001\0006\000\040\000q\000u\000a\000s\000y\000l\000a\000b\000.\000s\000i\000b\000i\000l\000l\000a\000.\000c\000o\000r\000e\000.\000n\000e\000t\000w\000o\000r\000k\000.\000N\000e\000t\000w\000o\000r\000k\000T\000a\000s\000k\000<\000\040\000S\000\040\000e\000x\000t\000e\000n\000d\000s\000\040\000S\000t\000a\000t\000e\000\040\000>\000\040\000C\000l\000a\000s\000s\000\040\000T\000e\000m\000p\000l\000a\000t\000e\000\040\000R\000e\000f\000e\000r\000e\000n\000c\000e}{chapter.5}% 140
\BOOKMARK [2][-]{subsection.5.16.1}{\376\377\0005\000.\0001\0006\000.\0001\000\040\000D\000e\000t\000a\000i\000l\000e\000d\000\040\000D\000e\000s\000c\000r\000i\000p\000t\000i\000o\000n}{section.5.16}% 141
\BOOKMARK [2][-]{subsection.5.16.2}{\376\377\0005\000.\0001\0006\000.\0002\000\040\000C\000o\000n\000s\000t\000r\000u\000c\000t\000o\000r\000\040\000\046\000\040\000D\000e\000s\000t\000r\000u\000c\000t\000o\000r\000\040\000D\000o\000c\000u\000m\000e\000n\000t\000a\000t\000i\000o\000n}{section.5.16}% 142
\BOOKMARK [3][-]{subsubsection.5.16.2.1}{\376\377\0005\000.\0001\0006\000.\0002\000.\0001\000\040\000N\000e\000t\000w\000o\000r\000k\000T\000a\000s\000k\000\050\000\051}{subsection.5.16.2}% 143
\BOOKMARK [2][-]{subsection.5.16.3}{\376\377\0005\000.\0001\0006\000.\0003\000\040\000M\000e\000m\000b\000e\000r\000\040\000F\000u\000n\000c\000t\000i\000o\000n\000\040\000D\000o\000c\000u\000m\000e\000n\000t\000a\000t\000i\000o\000n}{section.5.16}% 144
\BOOKMARK [3][-]{subsubsection.5.16.3.1}{\376\377\0005\000.\0001\0006\000.\0003\000.\0001\000\040\000g\000e\000t\000T\000a\000s\000k\000s\000\050\000\051}{subsection.5.16.3}% 145
\BOOKMARK [1][-]{section.5.17}{\376\377\0005\000.\0001\0007\000\040\000q\000u\000a\000s\000y\000l\000a\000b\000.\000s\000i\000b\000i\000l\000l\000a\000.\000c\000o\000r\000e\000.\000n\000e\000t\000w\000o\000r\000k\000.\000u\000t\000i\000l\000.\000N\000e\000t\000w\000o\000r\000k\000U\000t\000i\000l\000s\000\040\000C\000l\000a\000s\000s\000\040\000R\000e\000f\000e\000r\000e\000n\000c\000e}{chapter.5}% 146
\BOOKMARK [2][-]{subsection.5.17.1}{\376\377\0005\000.\0001\0007\000.\0001\000\040\000D\000e\000t\000a\000i\000l\000e\000d\000\040\000D\000e\000s\000c\000r\000i\000p\000t\000i\000o\000n}{section.5.17}% 147
\BOOKMARK [2][-]{subsection.5.17.2}{\376\377\0005\000.\0001\0007\000.\0002\000\040\000M\000e\000m\000b\000e\000r\000\040\000F\000u\000n\000c\000t\000i\000o\000n\000\040\000D\000o\000c\000u\000m\000e\000n\000t\000a\000t\000i\000o\000n}{section.5.17}% 148
\BOOKMARK [3][-]{subsubsection.5.17.2.1}{\376\377\0005\000.\0001\0007\000.\0002\000.\0001\000\040\000g\000e\000t\000B\000r\000o\000a\000d\000c\000a\000s\000t\000A\000d\000d\000r\000e\000s\000s\000e\000s\000\050\000\051}{subsection.5.17.2}% 149
\BOOKMARK [3][-]{subsubsection.5.17.2.2}{\376\377\0005\000.\0001\0007\000.\0002\000.\0002\000\040\000g\000e\000t\000L\000o\000c\000a\000l\000A\000d\000d\000r\000e\000s\000s\000\050\000\051}{subsection.5.17.2}% 150
\BOOKMARK [1][-]{section.5.18}{\376\377\0005\000.\0001\0008\000\040\000q\000u\000a\000s\000y\000l\000a\000b\000.\000s\000i\000b\000i\000l\000l\000a\000.\000c\000o\000r\000e\000.\000n\000e\000t\000w\000o\000r\000k\000.\000s\000e\000r\000i\000a\000l\000i\000z\000a\000t\000i\000o\000n\000.\000S\000e\000r\000i\000a\000l\000i\000z\000e\000r\000\040\000C\000l\000a\000s\000s\000\040\000R\000e\000f\000e\000r\000e\000n\000c\000e}{chapter.5}% 151
\BOOKMARK [2][-]{subsection.5.18.1}{\376\377\0005\000.\0001\0008\000.\0001\000\040\000D\000e\000t\000a\000i\000l\000e\000d\000\040\000D\000e\000s\000c\000r\000i\000p\000t\000i\000o\000n}{section.5.18}% 152
\BOOKMARK [2][-]{subsection.5.18.2}{\376\377\0005\000.\0001\0008\000.\0002\000\040\000M\000e\000m\000b\000e\000r\000\040\000F\000u\000n\000c\000t\000i\000o\000n\000\040\000D\000o\000c\000u\000m\000e\000n\000t\000a\000t\000i\000o\000n}{section.5.18}% 153
\BOOKMARK [3][-]{subsubsection.5.18.2.1}{\376\377\0005\000.\0001\0008\000.\0002\000.\0001\000\040\000d\000e\000s\000e\000r\000i\000a\000l\000i\000z\000e\000\050\000\051}{subsection.5.18.2}% 154
\BOOKMARK [3][-]{subsubsection.5.18.2.2}{\376\377\0005\000.\0001\0008\000.\0002\000.\0002\000\040\000s\000e\000r\000i\000a\000l\000i\000z\000e\000\050\000\051}{subsection.5.18.2}% 155
\BOOKMARK [1][-]{section.5.19}{\376\377\0005\000.\0001\0009\000\040\000q\000u\000a\000s\000y\000l\000a\000b\000.\000s\000i\000b\000i\000l\000l\000a\000.\000c\000o\000r\000e\000.\000n\000e\000t\000w\000o\000r\000k\000.\000S\000i\000m\000u\000l\000a\000t\000i\000o\000n\000D\000a\000t\000a\000S\000e\000t\000<\000\040\000S\000\040\000e\000x\000t\000e\000n\000d\000s\000\040\000S\000t\000a\000t\000e\000\040\000>\000\040\000C\000l\000a\000s\000s\000\040\000T\000e\000m\000p\000l\000a\000t\000e\000\040\000R\000e\000f\000e\000r\000e\000n\000c\000e}{chapter.5}% 156
\BOOKMARK [2][-]{subsection.5.19.1}{\376\377\0005\000.\0001\0009\000.\0001\000\040\000D\000e\000t\000a\000i\000l\000e\000d\000\040\000D\000e\000s\000c\000r\000i\000p\000t\000i\000o\000n}{section.5.19}% 157
\BOOKMARK [2][-]{subsection.5.19.2}{\376\377\0005\000.\0001\0009\000.\0002\000\040\000C\000o\000n\000s\000t\000r\000u\000c\000t\000o\000r\000\040\000\046\000\040\000D\000e\000s\000t\000r\000u\000c\000t\000o\000r\000\040\000D\000o\000c\000u\000m\000e\000n\000t\000a\000t\000i\000o\000n}{section.5.19}% 158
\BOOKMARK [3][-]{subsubsection.5.19.2.1}{\376\377\0005\000.\0001\0009\000.\0002\000.\0001\000\040\000S\000i\000m\000u\000l\000a\000t\000i\000o\000n\000D\000a\000t\000a\000S\000e\000t\000\050\000\051}{subsection.5.19.2}% 159
\BOOKMARK [2][-]{subsection.5.19.3}{\376\377\0005\000.\0001\0009\000.\0003\000\040\000M\000e\000m\000b\000e\000r\000\040\000F\000u\000n\000c\000t\000i\000o\000n\000\040\000D\000o\000c\000u\000m\000e\000n\000t\000a\000t\000i\000o\000n}{section.5.19}% 160
\BOOKMARK [3][-]{subsubsection.5.19.3.1}{\376\377\0005\000.\0001\0009\000.\0003\000.\0001\000\040\000e\000q\000u\000a\000l\000s\000\050\000\051}{subsection.5.19.3}% 161
\BOOKMARK [3][-]{subsubsection.5.19.3.2}{\376\377\0005\000.\0001\0009\000.\0003\000.\0002\000\040\000g\000e\000t\000D\000e\000a\000d\000l\000i\000n\000e\000\050\000\051}{subsection.5.19.3}% 162
\BOOKMARK [3][-]{subsubsection.5.19.3.3}{\376\377\0005\000.\0001\0009\000.\0003\000.\0003\000\040\000g\000e\000t\000M\000o\000d\000e\000l\000\050\000\051}{subsection.5.19.3}% 163
\BOOKMARK [3][-]{subsubsection.5.19.3.4}{\376\377\0005\000.\0001\0009\000.\0003\000.\0004\000\040\000g\000e\000t\000M\000o\000d\000e\000l\000D\000e\000f\000i\000n\000i\000t\000i\000o\000n\000\050\000\051}{subsection.5.19.3}% 164
\BOOKMARK [3][-]{subsubsection.5.19.3.5}{\376\377\0005\000.\0001\0009\000.\0003\000.\0005\000\040\000g\000e\000t\000M\000o\000d\000e\000l\000I\000n\000i\000t\000i\000a\000l\000S\000t\000a\000t\000e\000\050\000\051}{subsection.5.19.3}% 165
\BOOKMARK [3][-]{subsubsection.5.19.3.6}{\376\377\0005\000.\0001\0009\000.\0003\000.\0006\000\040\000g\000e\000t\000M\000o\000d\000e\000l\000S\000a\000m\000p\000l\000i\000n\000g\000F\000u\000n\000c\000t\000i\000o\000n\000\050\000\051}{subsection.5.19.3}% 166
\BOOKMARK [3][-]{subsubsection.5.19.3.7}{\376\377\0005\000.\0001\0009\000.\0003\000.\0007\000\040\000g\000e\000t\000R\000a\000n\000d\000o\000m\000G\000e\000n\000e\000r\000a\000t\000o\000r\000\050\000\051}{subsection.5.19.3}% 167
\BOOKMARK [3][-]{subsubsection.5.19.3.8}{\376\377\0005\000.\0001\0009\000.\0003\000.\0008\000\040\000g\000e\000t\000R\000e\000p\000l\000i\000c\000a\000\050\000\051}{subsection.5.19.3}% 168
\BOOKMARK [3][-]{subsubsection.5.19.3.9}{\376\377\0005\000.\0001\0009\000.\0003\000.\0009\000\040\000h\000a\000s\000h\000C\000o\000d\000e\000\050\000\051}{subsection.5.19.3}% 169
\BOOKMARK [3][-]{subsubsection.5.19.3.10}{\376\377\0005\000.\0001\0009\000.\0003\000.\0001\0000\000\040\000t\000o\000S\000t\000r\000i\000n\000g\000\050\000\051}{subsection.5.19.3}% 170
\BOOKMARK [1][-]{section.5.20}{\376\377\0005\000.\0002\0000\000\040\000q\000u\000a\000s\000y\000l\000a\000b\000.\000s\000i\000b\000i\000l\000l\000a\000.\000c\000o\000r\000e\000.\000n\000e\000t\000w\000o\000r\000k\000.\000s\000l\000a\000v\000e\000.\000S\000i\000m\000u\000l\000a\000t\000i\000o\000n\000S\000e\000r\000v\000e\000r\000\040\000I\000n\000t\000e\000r\000f\000a\000c\000e\000\040\000R\000e\000f\000e\000r\000e\000n\000c\000e}{chapter.5}% 171
\BOOKMARK [2][-]{subsection.5.20.1}{\376\377\0005\000.\0002\0000\000.\0001\000\040\000D\000e\000t\000a\000i\000l\000e\000d\000\040\000D\000e\000s\000c\000r\000i\000p\000t\000i\000o\000n}{section.5.20}% 172
\BOOKMARK [2][-]{subsection.5.20.2}{\376\377\0005\000.\0002\0000\000.\0002\000\040\000M\000e\000m\000b\000e\000r\000\040\000F\000u\000n\000c\000t\000i\000o\000n\000\040\000D\000o\000c\000u\000m\000e\000n\000t\000a\000t\000i\000o\000n}{section.5.20}% 173
\BOOKMARK [3][-]{subsubsection.5.20.2.1}{\376\377\0005\000.\0002\0000\000.\0002\000.\0001\000\040\000s\000t\000a\000r\000t\000\050\000\051}{subsection.5.20.2}% 174
\BOOKMARK [1][-]{section.5.21}{\376\377\0005\000.\0002\0001\000\040\000q\000u\000a\000s\000y\000l\000a\000b\000.\000s\000i\000b\000i\000l\000l\000a\000.\000c\000o\000r\000e\000.\000n\000e\000t\000w\000o\000r\000k\000.\000m\000a\000s\000t\000e\000r\000.\000S\000i\000m\000u\000l\000a\000t\000i\000o\000n\000S\000t\000a\000t\000e\000\040\000C\000l\000a\000s\000s\000\040\000R\000e\000f\000e\000r\000e\000n\000c\000e}{chapter.5}% 175
\BOOKMARK [2][-]{subsection.5.21.1}{\376\377\0005\000.\0002\0001\000.\0001\000\040\000D\000e\000t\000a\000i\000l\000e\000d\000\040\000D\000e\000s\000c\000r\000i\000p\000t\000i\000o\000n}{section.5.21}% 176
\BOOKMARK [2][-]{subsection.5.21.2}{\376\377\0005\000.\0002\0001\000.\0002\000\040\000C\000o\000n\000s\000t\000r\000u\000c\000t\000o\000r\000\040\000\046\000\040\000D\000e\000s\000t\000r\000u\000c\000t\000o\000r\000\040\000D\000o\000c\000u\000m\000e\000n\000t\000a\000t\000i\000o\000n}{section.5.21}% 177
\BOOKMARK [3][-]{subsubsection.5.21.2.1}{\376\377\0005\000.\0002\0001\000.\0002\000.\0001\000\040\000S\000i\000m\000u\000l\000a\000t\000i\000o\000n\000S\000t\000a\000t\000e\000\050\000\051}{subsection.5.21.2}% 178
\BOOKMARK [2][-]{subsection.5.21.3}{\376\377\0005\000.\0002\0001\000.\0003\000\040\000M\000e\000m\000b\000e\000r\000\040\000F\000u\000n\000c\000t\000i\000o\000n\000\040\000D\000o\000c\000u\000m\000e\000n\000t\000a\000t\000i\000o\000n}{section.5.21}% 179
\BOOKMARK [3][-]{subsubsection.5.21.3.1}{\376\377\0005\000.\0002\0001\000.\0003\000.\0001\000\040\000a\000d\000d\000P\000r\000o\000p\000e\000r\000t\000y\000C\000h\000a\000n\000g\000e\000L\000i\000s\000t\000e\000n\000e\000r\000\050\000\051}{subsection.5.21.3}% 180
\BOOKMARK [3][-]{subsubsection.5.21.3.2}{\376\377\0005\000.\0002\0001\000.\0003\000.\0002\000\040\000c\000l\000i\000e\000n\000t\000C\000o\000n\000n\000e\000c\000t\000i\000o\000n\000\050\000\051}{subsection.5.21.3}% 181
\BOOKMARK [3][-]{subsubsection.5.21.3.3}{\376\377\0005\000.\0002\0001\000.\0003\000.\0003\000\040\000c\000l\000o\000n\000e\000\050\000\051}{subsection.5.21.3}% 182
\BOOKMARK [3][-]{subsubsection.5.21.3.4}{\376\377\0005\000.\0002\0001\000.\0003\000.\0004\000\040\000c\000o\000m\000p\000a\000r\000e\000T\000o\000\050\000\051}{subsection.5.21.3}% 183
\BOOKMARK [3][-]{subsubsection.5.21.3.5}{\376\377\0005\000.\0002\0001\000.\0003\000.\0005\000\040\000d\000e\000c\000r\000e\000a\000s\000e\000R\000u\000n\000n\000i\000n\000g\000S\000e\000r\000v\000e\000r\000s\000\050\000\051}{subsection.5.21.3}% 184
\BOOKMARK [3][-]{subsubsection.5.21.3.6}{\376\377\0005\000.\0002\0001\000.\0003\000.\0006\000\040\000e\000q\000u\000a\000l\000s\000\050\000\051}{subsection.5.21.3}% 185
\BOOKMARK [3][-]{subsubsection.5.21.3.7}{\376\377\0005\000.\0002\0001\000.\0003\000.\0007\000\040\000g\000e\000t\000C\000l\000i\000e\000n\000t\000N\000e\000t\000w\000o\000r\000k\000I\000n\000f\000o\000\050\000\051}{subsection.5.21.3}% 186
\BOOKMARK [3][-]{subsubsection.5.21.3.8}{\376\377\0005\000.\0002\0001\000.\0003\000.\0008\000\040\000g\000e\000t\000L\000a\000s\000t\000U\000p\000d\000a\000t\000e\000\050\000\051}{subsection.5.21.3}% 187
\BOOKMARK [3][-]{subsubsection.5.21.3.9}{\376\377\0005\000.\0002\0001\000.\0003\000.\0009\000\040\000g\000e\000t\000M\000a\000s\000t\000e\000r\000N\000e\000t\000w\000o\000r\000k\000I\000n\000f\000o\000\050\000\051}{subsection.5.21.3}% 188
\BOOKMARK [3][-]{subsubsection.5.21.3.10}{\376\377\0005\000.\0002\0001\000.\0003\000.\0001\0000\000\040\000g\000e\000t\000P\000e\000n\000d\000i\000n\000g\000T\000a\000s\000k\000s\000\050\000\051}{subsection.5.21.3}% 189
\BOOKMARK [3][-]{subsubsection.5.21.3.11}{\376\377\0005\000.\0002\0001\000.\0003\000.\0001\0001\000\040\000g\000e\000t\000R\000e\000g\000i\000s\000t\000e\000r\000e\000d\000S\000l\000a\000v\000e\000S\000e\000r\000v\000e\000r\000s\000\050\000\051}{subsection.5.21.3}% 190
\BOOKMARK [3][-]{subsubsection.5.21.3.12}{\376\377\0005\000.\0002\0001\000.\0003\000.\0001\0002\000\040\000g\000e\000t\000R\000u\000n\000n\000i\000n\000g\000S\000l\000a\000v\000e\000S\000e\000r\000v\000e\000r\000s\000\050\000\051}{subsection.5.21.3}% 191
\BOOKMARK [3][-]{subsubsection.5.21.3.13}{\376\377\0005\000.\0002\0001\000.\0003\000.\0001\0003\000\040\000g\000e\000t\000S\000i\000m\000u\000l\000a\000t\000i\000o\000n\000M\000o\000d\000e\000l\000N\000a\000m\000e\000\050\000\051}{subsection.5.21.3}% 192
\BOOKMARK [3][-]{subsubsection.5.21.3.14}{\376\377\0005\000.\0002\0001\000.\0003\000.\0001\0004\000\040\000g\000e\000t\000S\000i\000m\000u\000l\000a\000t\000i\000o\000n\000S\000t\000a\000r\000t\000D\000a\000t\000e\000\050\000\051}{subsection.5.21.3}% 193
\BOOKMARK [3][-]{subsubsection.5.21.3.15}{\376\377\0005\000.\0002\0001\000.\0003\000.\0001\0005\000\040\000g\000e\000t\000S\000l\000a\000v\000e\000S\000e\000r\000v\000e\000r\000s\000S\000t\000a\000t\000e\000s\000\050\000\051}{subsection.5.21.3}% 194
\BOOKMARK [3][-]{subsubsection.5.21.3.16}{\376\377\0005\000.\0002\0001\000.\0003\000.\0001\0006\000\040\000g\000e\000t\000S\000l\000a\000v\000e\000S\000t\000a\000t\000e\000B\000y\000S\000e\000r\000v\000e\000r\000I\000n\000f\000o\000\050\000\051}{subsection.5.21.3}% 195
\BOOKMARK [3][-]{subsubsection.5.21.3.17}{\376\377\0005\000.\0002\0001\000.\0003\000.\0001\0007\000\040\000g\000e\000t\000T\000o\000t\000a\000l\000S\000i\000m\000u\000l\000a\000t\000i\000o\000n\000T\000a\000s\000k\000s\000\050\000\051}{subsection.5.21.3}% 196
\BOOKMARK [3][-]{subsubsection.5.21.3.18}{\376\377\0005\000.\0002\0001\000.\0003\000.\0001\0008\000\040\000h\000a\000s\000h\000C\000o\000d\000e\000\050\000\051}{subsection.5.21.3}% 197
\BOOKMARK [3][-]{subsubsection.5.21.3.19}{\376\377\0005\000.\0002\0001\000.\0003\000.\0001\0009\000\040\000i\000n\000c\000r\000e\000a\000s\000e\000R\000u\000n\000n\000i\000n\000g\000S\000e\000r\000v\000e\000r\000s\000\050\000\051}{subsection.5.21.3}% 198
\BOOKMARK [3][-]{subsubsection.5.21.3.20}{\376\377\0005\000.\0002\0001\000.\0003\000.\0002\0000\000\040\000i\000s\000C\000o\000n\000c\000l\000u\000d\000e\000d\000\050\000\051}{subsection.5.21.3}% 199
\BOOKMARK [3][-]{subsubsection.5.21.3.21}{\376\377\0005\000.\0002\0001\000.\0003\000.\0002\0001\000\040\000p\000r\000o\000p\000e\000r\000t\000y\000C\000h\000a\000n\000g\000e\000\050\000\051}{subsection.5.21.3}% 200
\BOOKMARK [3][-]{subsubsection.5.21.3.22}{\376\377\0005\000.\0002\0001\000.\0003\000.\0002\0002\000\040\000s\000e\000t\000C\000l\000i\000e\000n\000t\000C\000o\000n\000n\000e\000c\000t\000i\000o\000n\000\050\000\051}{subsection.5.21.3}% 201
\BOOKMARK [3][-]{subsubsection.5.21.3.23}{\376\377\0005\000.\0002\0001\000.\0003\000.\0002\0003\000\040\000s\000e\000t\000C\000o\000n\000c\000l\000u\000d\000e\000d\000\050\000\051}{subsection.5.21.3}% 202
\BOOKMARK [3][-]{subsubsection.5.21.3.24}{\376\377\0005\000.\0002\0001\000.\0003\000.\0002\0004\000\040\000s\000e\000t\000P\000e\000n\000d\000i\000n\000g\000T\000a\000s\000k\000s\000\050\000\051}{subsection.5.21.3}% 203
\BOOKMARK [3][-]{subsubsection.5.21.3.25}{\376\377\0005\000.\0002\0001\000.\0003\000.\0002\0005\000\040\000s\000e\000t\000S\000i\000m\000u\000l\000a\000t\000i\000o\000n\000D\000a\000t\000a\000S\000e\000t\000\050\000\051}{subsection.5.21.3}% 204
\BOOKMARK [3][-]{subsubsection.5.21.3.26}{\376\377\0005\000.\0002\0001\000.\0003\000.\0002\0006\000\040\000s\000e\000t\000S\000i\000m\000u\000l\000a\000t\000i\000o\000n\000M\000o\000d\000e\000l\000N\000a\000m\000e\000\050\000\051}{subsection.5.21.3}% 205
\BOOKMARK [3][-]{subsubsection.5.21.3.27}{\376\377\0005\000.\0002\0001\000.\0003\000.\0002\0007\000\040\000s\000i\000m\000u\000l\000a\000t\000i\000o\000n\000D\000a\000t\000a\000S\000e\000t\000\050\000\051}{subsection.5.21.3}% 206
\BOOKMARK [1][-]{section.5.22}{\376\377\0005\000.\0002\0002\000\040\000q\000u\000a\000s\000y\000l\000a\000b\000.\000s\000i\000b\000i\000l\000l\000a\000.\000c\000o\000r\000e\000.\000n\000e\000t\000w\000o\000r\000k\000.\000s\000l\000a\000v\000e\000.\000S\000l\000a\000v\000e\000C\000o\000m\000m\000a\000n\000d\000\040\000E\000n\000u\000m\000\040\000R\000e\000f\000e\000r\000e\000n\000c\000e}{chapter.5}% 207
\BOOKMARK [2][-]{subsection.5.22.1}{\376\377\0005\000.\0002\0002\000.\0001\000\040\000D\000e\000t\000a\000i\000l\000e\000d\000\040\000D\000e\000s\000c\000r\000i\000p\000t\000i\000o\000n}{section.5.22}% 208
\BOOKMARK [2][-]{subsection.5.22.2}{\376\377\0005\000.\0002\0002\000.\0002\000\040\000M\000e\000m\000b\000e\000r\000\040\000D\000a\000t\000a\000\040\000D\000o\000c\000u\000m\000e\000n\000t\000a\000t\000i\000o\000n}{section.5.22}% 209
\BOOKMARK [3][-]{subsubsection.5.22.2.1}{\376\377\0005\000.\0002\0002\000.\0002\000.\0001\000\040\000C\000L\000O\000S\000E\000\137\000C\000O\000N\000N\000E\000C\000T\000I\000O\000N}{subsection.5.22.2}% 210
\BOOKMARK [3][-]{subsubsection.5.22.2.2}{\376\377\0005\000.\0002\0002\000.\0002\000.\0002\000\040\000I\000N\000I\000T\000\137\000R\000E\000S\000P\000O\000N\000S\000E}{subsection.5.22.2}% 211
\BOOKMARK [3][-]{subsubsection.5.22.2.3}{\376\377\0005\000.\0002\0002\000.\0002\000.\0003\000\040\000P\000O\000N\000G}{subsection.5.22.2}% 212
\BOOKMARK [1][-]{section.5.23}{\376\377\0005\000.\0002\0003\000\040\000q\000u\000a\000s\000y\000l\000a\000b\000.\000s\000i\000b\000i\000l\000l\000a\000.\000c\000o\000r\000e\000.\000n\000e\000t\000w\000o\000r\000k\000.\000s\000l\000a\000v\000e\000.\000S\000l\000a\000v\000e\000S\000t\000a\000t\000e\000\040\000C\000l\000a\000s\000s\000\040\000R\000e\000f\000e\000r\000e\000n\000c\000e}{chapter.5}% 213
\BOOKMARK [2][-]{subsection.5.23.1}{\376\377\0005\000.\0002\0003\000.\0001\000\040\000D\000e\000t\000a\000i\000l\000e\000d\000\040\000D\000e\000s\000c\000r\000i\000p\000t\000i\000o\000n}{section.5.23}% 214
\BOOKMARK [2][-]{subsection.5.23.2}{\376\377\0005\000.\0002\0003\000.\0002\000\040\000C\000o\000n\000s\000t\000r\000u\000c\000t\000o\000r\000\040\000\046\000\040\000D\000e\000s\000t\000r\000u\000c\000t\000o\000r\000\040\000D\000o\000c\000u\000m\000e\000n\000t\000a\000t\000i\000o\000n}{section.5.23}% 215
\BOOKMARK [3][-]{subsubsection.5.23.2.1}{\376\377\0005\000.\0002\0003\000.\0002\000.\0001\000\040\000S\000l\000a\000v\000e\000S\000t\000a\000t\000e\000\050\000\051}{subsection.5.23.2}% 216
\BOOKMARK [2][-]{subsection.5.23.3}{\376\377\0005\000.\0002\0003\000.\0003\000\040\000M\000e\000m\000b\000e\000r\000\040\000F\000u\000n\000c\000t\000i\000o\000n\000\040\000D\000o\000c\000u\000m\000e\000n\000t\000a\000t\000i\000o\000n}{section.5.23}% 217
\BOOKMARK [3][-]{subsubsection.5.23.3.1}{\376\377\0005\000.\0002\0003\000.\0003\000.\0001\000\040\000a\000d\000d\000P\000r\000o\000p\000e\000r\000t\000y\000C\000h\000a\000n\000g\000e\000L\000i\000s\000t\000e\000n\000e\000r\000\050\000\051}{subsection.5.23.3}% 218
\BOOKMARK [3][-]{subsubsection.5.23.3.2}{\376\377\0005\000.\0002\0003\000.\0003\000.\0002\000\040\000c\000a\000n\000C\000o\000m\000p\000l\000e\000t\000e\000T\000a\000s\000k\000\050\000\051}{subsection.5.23.3}% 219
\BOOKMARK [3][-]{subsubsection.5.23.3.3}{\376\377\0005\000.\0002\0003\000.\0003\000.\0003\000\040\000c\000l\000o\000n\000e\000\050\000\051}{subsection.5.23.3}% 220
\BOOKMARK [3][-]{subsubsection.5.23.3.4}{\376\377\0005\000.\0002\0003\000.\0003\000.\0004\000\040\000e\000q\000u\000a\000l\000s\000\050\000\051}{subsection.5.23.3}% 221
\BOOKMARK [3][-]{subsubsection.5.23.3.5}{\376\377\0005\000.\0002\0003\000.\0003\000.\0005\000\040\000f\000o\000r\000c\000e\000E\000x\000p\000i\000r\000e\000d\000T\000i\000m\000e\000L\000i\000m\000i\000t\000\050\000\051}{subsection.5.23.3}% 222
\BOOKMARK [3][-]{subsubsection.5.23.3.6}{\376\377\0005\000.\0002\0003\000.\0003\000.\0006\000\040\000g\000e\000t\000E\000x\000p\000e\000c\000t\000e\000d\000T\000a\000s\000k\000s\000\050\000\051}{subsection.5.23.3}% 223
\BOOKMARK [3][-]{subsubsection.5.23.3.7}{\376\377\0005\000.\0002\0003\000.\0003\000.\0007\000\040\000g\000e\000t\000S\000l\000a\000v\000e\000I\000n\000f\000o\000\050\000\051}{subsection.5.23.3}% 224
\BOOKMARK [3][-]{subsubsection.5.23.3.8}{\376\377\0005\000.\0002\0003\000.\0003\000.\0008\000\040\000g\000e\000t\000T\000i\000m\000e\000L\000i\000m\000i\000t\000\050\000\051}{subsection.5.23.3}% 225
\BOOKMARK [3][-]{subsubsection.5.23.3.9}{\376\377\0005\000.\0002\0003\000.\0003\000.\0009\000\040\000g\000e\000t\000T\000i\000m\000e\000o\000u\000t\000\050\000\051}{subsection.5.23.3}% 226
\BOOKMARK [3][-]{subsubsection.5.23.3.10}{\376\377\0005\000.\0002\0003\000.\0003\000.\0001\0000\000\040\000h\000a\000s\000h\000C\000o\000d\000e\000\050\000\051}{subsection.5.23.3}% 227
\BOOKMARK [3][-]{subsubsection.5.23.3.11}{\376\377\0005\000.\0002\0003\000.\0003\000.\0001\0001\000\040\000i\000s\000R\000e\000m\000o\000v\000e\000d\000\050\000\051}{subsection.5.23.3}% 228
\BOOKMARK [3][-]{subsubsection.5.23.3.12}{\376\377\0005\000.\0002\0003\000.\0003\000.\0001\0002\000\040\000i\000s\000T\000i\000m\000e\000o\000u\000t\000\050\000\051}{subsection.5.23.3}% 229
\BOOKMARK [3][-]{subsubsection.5.23.3.13}{\376\377\0005\000.\0002\0003\000.\0003\000.\0001\0003\000\040\000m\000i\000g\000r\000a\000t\000e\000\050\000\051}{subsection.5.23.3}% 230
\BOOKMARK [3][-]{subsubsection.5.23.3.14}{\376\377\0005\000.\0002\0003\000.\0003\000.\0001\0004\000\040\000s\000e\000t\000R\000e\000m\000o\000v\000e\000d\000\050\000\051}{subsection.5.23.3}% 231
\BOOKMARK [3][-]{subsubsection.5.23.3.15}{\376\377\0005\000.\0002\0003\000.\0003\000.\0001\0005\000\040\000t\000i\000m\000e\000d\000O\000u\000t\000\050\000\051}{subsection.5.23.3}% 232
\BOOKMARK [3][-]{subsubsection.5.23.3.16}{\376\377\0005\000.\0002\0003\000.\0003\000.\0001\0006\000\040\000t\000o\000S\000t\000r\000i\000n\000g\000\050\000\051}{subsection.5.23.3}% 233
\BOOKMARK [3][-]{subsubsection.5.23.3.17}{\376\377\0005\000.\0002\0003\000.\0003\000.\0001\0007\000\040\000u\000p\000d\000a\000t\000e\000\050\000\051}{subsection.5.23.3}% 234
\BOOKMARK [2][-]{subsection.5.23.4}{\376\377\0005\000.\0002\0003\000.\0004\000\040\000M\000e\000m\000b\000e\000r\000\040\000D\000a\000t\000a\000\040\000D\000o\000c\000u\000m\000e\000n\000t\000a\000t\000i\000o\000n}{section.5.23}% 235
\BOOKMARK [3][-]{subsubsection.5.23.4.1}{\376\377\0005\000.\0002\0003\000.\0004\000.\0001\000\040\000d\000e\000v\000R\000T\000T}{subsection.5.23.4}% 236
\BOOKMARK [3][-]{subsubsection.5.23.4.2}{\376\377\0005\000.\0002\0003\000.\0004\000.\0002\000\040\000e\000s\000t\000i\000m\000a\000t\000e\000d\000R\000T\000T}{subsection.5.23.4}% 237
\BOOKMARK [1][-]{section.5.24}{\376\377\0005\000.\0002\0004\000\040\000q\000u\000a\000s\000y\000l\000a\000b\000.\000s\000i\000b\000i\000l\000l\000a\000.\000c\000o\000r\000e\000.\000n\000e\000t\000w\000o\000r\000k\000.\000u\000t\000i\000l\000.\000S\000S\000L\000U\000t\000i\000l\000s\000\040\000C\000l\000a\000s\000s\000\040\000R\000e\000f\000e\000r\000e\000n\000c\000e}{chapter.5}% 238
\BOOKMARK [2][-]{subsection.5.24.1}{\376\377\0005\000.\0002\0004\000.\0001\000\040\000D\000e\000t\000a\000i\000l\000e\000d\000\040\000D\000e\000s\000c\000r\000i\000p\000t\000i\000o\000n}{section.5.24}% 239
\BOOKMARK [2][-]{subsection.5.24.2}{\376\377\0005\000.\0002\0004\000.\0002\000\040\000M\000e\000m\000b\000e\000r\000\040\000F\000u\000n\000c\000t\000i\000o\000n\000\040\000D\000o\000c\000u\000m\000e\000n\000t\000a\000t\000i\000o\000n}{section.5.24}% 240
\BOOKMARK [3][-]{subsubsection.5.24.2.1}{\376\377\0005\000.\0002\0004\000.\0002\000.\0001\000\040\000c\000r\000e\000a\000t\000e\000S\000S\000L\000C\000o\000n\000t\000e\000x\000t\000\050\000\051}{subsection.5.24.2}% 241
\BOOKMARK [3][-]{subsubsection.5.24.2.2}{\376\377\0005\000.\0002\0004\000.\0002\000.\0002\000\040\000g\000e\000t\000I\000n\000s\000t\000a\000n\000c\000e\000\050\000\051}{subsection.5.24.2}% 242
\BOOKMARK [3][-]{subsubsection.5.24.2.3}{\376\377\0005\000.\0002\0004\000.\0002\000.\0003\000\040\000s\000e\000t\000K\000e\000y\000S\000t\000o\000r\000e\000P\000a\000s\000s\000\050\000\051}{subsection.5.24.2}% 243
\BOOKMARK [3][-]{subsubsection.5.24.2.4}{\376\377\0005\000.\0002\0004\000.\0002\000.\0004\000\040\000s\000e\000t\000K\000e\000y\000S\000t\000o\000r\000e\000P\000a\000t\000h\000\050\000\051}{subsection.5.24.2}% 244
\BOOKMARK [3][-]{subsubsection.5.24.2.5}{\376\377\0005\000.\0002\0004\000.\0002\000.\0005\000\040\000s\000e\000t\000K\000e\000y\000S\000t\000o\000r\000e\000T\000y\000p\000e\000\050\000\051}{subsection.5.24.2}% 245
\BOOKMARK [3][-]{subsubsection.5.24.2.6}{\376\377\0005\000.\0002\0004\000.\0002\000.\0006\000\040\000s\000e\000t\000T\000r\000u\000s\000t\000S\000t\000o\000r\000e\000P\000a\000s\000s\000\050\000\051}{subsection.5.24.2}% 246
\BOOKMARK [3][-]{subsubsection.5.24.2.7}{\376\377\0005\000.\0002\0004\000.\0002\000.\0007\000\040\000s\000e\000t\000T\000r\000u\000s\000t\000S\000t\000o\000r\000e\000P\000a\000t\000h\000\050\000\051}{subsection.5.24.2}% 247
\BOOKMARK [3][-]{subsubsection.5.24.2.8}{\376\377\0005\000.\0002\0004\000.\0002\000.\0008\000\040\000s\000e\000t\000T\000r\000u\000s\000t\000S\000t\000o\000r\000e\000T\000y\000p\000e\000\050\000\051}{subsection.5.24.2}% 248
\BOOKMARK [1][-]{section.5.25}{\376\377\0005\000.\0002\0005\000\040\000q\000u\000a\000s\000y\000l\000a\000b\000.\000s\000i\000b\000i\000l\000l\000a\000.\000c\000o\000r\000e\000.\000n\000e\000t\000w\000o\000r\000k\000.\000u\000t\000i\000l\000.\000S\000t\000a\000r\000t\000u\000p\000U\000t\000i\000l\000s\000\040\000C\000l\000a\000s\000s\000\040\000R\000e\000f\000e\000r\000e\000n\000c\000e}{chapter.5}% 249
\BOOKMARK [2][-]{subsection.5.25.1}{\376\377\0005\000.\0002\0005\000.\0001\000\040\000D\000e\000t\000a\000i\000l\000e\000d\000\040\000D\000e\000s\000c\000r\000i\000p\000t\000i\000o\000n}{section.5.25}% 250
\BOOKMARK [2][-]{subsection.5.25.2}{\376\377\0005\000.\0002\0005\000.\0002\000\040\000M\000e\000m\000b\000e\000r\000\040\000F\000u\000n\000c\000t\000i\000o\000n\000\040\000D\000o\000c\000u\000m\000e\000n\000t\000a\000t\000i\000o\000n}{section.5.25}% 251
\BOOKMARK [3][-]{subsubsection.5.25.2.1}{\376\377\0005\000.\0002\0005\000.\0002\000.\0001\000\040\000p\000a\000r\000s\000e\000O\000p\000t\000i\000o\000n\000s\000\050\000\051}{subsection.5.25.2}% 252
\BOOKMARK [3][-]{subsubsection.5.25.2.2}{\376\377\0005\000.\0002\0005\000.\0002\000.\0002\000\040\000T\000C\000P\000N\000e\000t\000w\000o\000r\000k\000M\000a\000n\000a\000g\000e\000r\000P\000a\000r\000s\000e\000r\000\050\000\051}{subsection.5.25.2}% 253
\BOOKMARK [3][-]{subsubsection.5.25.2.3}{\376\377\0005\000.\0002\0005\000.\0002\000.\0003\000\040\000U\000D\000P\000N\000e\000t\000w\000o\000r\000k\000M\000a\000n\000a\000g\000e\000r\000P\000a\000r\000s\000e\000r\000\050\000\051}{subsection.5.25.2}% 254
\BOOKMARK [1][-]{section.5.26}{\376\377\0005\000.\0002\0006\000\040\000q\000u\000a\000s\000y\000l\000a\000b\000.\000s\000i\000b\000i\000l\000l\000a\000.\000c\000o\000r\000e\000.\000n\000e\000t\000w\000o\000r\000k\000.\000c\000o\000m\000m\000u\000n\000i\000c\000a\000t\000i\000o\000n\000.\000T\000C\000P\000D\000e\000f\000a\000u\000l\000t\000N\000e\000t\000w\000o\000r\000k\000M\000a\000n\000a\000g\000e\000r\000\040\000C\000l\000a\000s\000s\000\040\000R\000e\000f\000e\000r\000e\000n\000c\000e}{chapter.5}% 255
\BOOKMARK [2][-]{subsection.5.26.1}{\376\377\0005\000.\0002\0006\000.\0001\000\040\000D\000e\000t\000a\000i\000l\000e\000d\000\040\000D\000e\000s\000c\000r\000i\000p\000t\000i\000o\000n}{section.5.26}% 256
\BOOKMARK [2][-]{subsection.5.26.2}{\376\377\0005\000.\0002\0006\000.\0002\000\040\000C\000o\000n\000s\000t\000r\000u\000c\000t\000o\000r\000\040\000\046\000\040\000D\000e\000s\000t\000r\000u\000c\000t\000o\000r\000\040\000D\000o\000c\000u\000m\000e\000n\000t\000a\000t\000i\000o\000n}{section.5.26}% 257
\BOOKMARK [3][-]{subsubsection.5.26.2.1}{\376\377\0005\000.\0002\0006\000.\0002\000.\0001\000\040\000T\000C\000P\000D\000e\000f\000a\000u\000l\000t\000N\000e\000t\000w\000o\000r\000k\000M\000a\000n\000a\000g\000e\000r\000\050\000\051}{subsection.5.26.2}% 258
\BOOKMARK [2][-]{subsection.5.26.3}{\376\377\0005\000.\0002\0006\000.\0003\000\040\000M\000e\000m\000b\000e\000r\000\040\000F\000u\000n\000c\000t\000i\000o\000n\000\040\000D\000o\000c\000u\000m\000e\000n\000t\000a\000t\000i\000o\000n}{section.5.26}% 259
\BOOKMARK [3][-]{subsubsection.5.26.3.1}{\376\377\0005\000.\0002\0006\000.\0003\000.\0001\000\040\000c\000l\000o\000s\000e\000C\000o\000n\000n\000e\000c\000t\000i\000o\000n\000\050\000\051}{subsection.5.26.3}% 260
\BOOKMARK [3][-]{subsubsection.5.26.3.2}{\376\377\0005\000.\0002\0006\000.\0003\000.\0002\000\040\000g\000e\000t\000S\000o\000c\000k\000e\000t\000\050\000\051}{subsection.5.26.3}% 261
\BOOKMARK [3][-]{subsubsection.5.26.3.3}{\376\377\0005\000.\0002\0006\000.\0003\000.\0003\000\040\000g\000e\000t\000T\000y\000p\000e\000\050\000\051}{subsection.5.26.3}% 262
\BOOKMARK [3][-]{subsubsection.5.26.3.4}{\376\377\0005\000.\0002\0006\000.\0003\000.\0004\000\040\000r\000e\000a\000d\000O\000b\000j\000e\000c\000t\000\050\000\051}{subsection.5.26.3}% 263
\BOOKMARK [3][-]{subsubsection.5.26.3.5}{\376\377\0005\000.\0002\0006\000.\0003\000.\0005\000\040\000w\000r\000i\000t\000e\000O\000b\000j\000e\000c\000t\000\050\000\051}{subsection.5.26.3}% 264
\BOOKMARK [1][-]{section.5.27}{\376\377\0005\000.\0002\0007\000\040\000q\000u\000a\000s\000y\000l\000a\000b\000.\000s\000i\000b\000i\000l\000l\000a\000.\000c\000o\000r\000e\000.\000n\000e\000t\000w\000o\000r\000k\000.\000c\000o\000m\000m\000u\000n\000i\000c\000a\000t\000i\000o\000n\000.\000T\000C\000P\000N\000e\000t\000w\000o\000r\000k\000M\000a\000n\000a\000g\000e\000r\000\040\000I\000n\000t\000e\000r\000f\000a\000c\000e\000\040\000R\000e\000f\000e\000r\000e\000n\000c\000e}{chapter.5}% 265
\BOOKMARK [2][-]{subsection.5.27.1}{\376\377\0005\000.\0002\0007\000.\0001\000\040\000D\000e\000t\000a\000i\000l\000e\000d\000\040\000D\000e\000s\000c\000r\000i\000p\000t\000i\000o\000n}{section.5.27}% 266
\BOOKMARK [2][-]{subsection.5.27.2}{\376\377\0005\000.\0002\0007\000.\0002\000\040\000M\000e\000m\000b\000e\000r\000\040\000F\000u\000n\000c\000t\000i\000o\000n\000\040\000D\000o\000c\000u\000m\000e\000n\000t\000a\000t\000i\000o\000n}{section.5.27}% 267
\BOOKMARK [3][-]{subsubsection.5.27.2.1}{\376\377\0005\000.\0002\0007\000.\0002\000.\0001\000\040\000c\000l\000o\000s\000e\000C\000o\000n\000n\000e\000c\000t\000i\000o\000n\000\050\000\051}{subsection.5.27.2}% 268
\BOOKMARK [3][-]{subsubsection.5.27.2.2}{\376\377\0005\000.\0002\0007\000.\0002\000.\0002\000\040\000c\000r\000e\000a\000t\000e\000N\000e\000t\000w\000o\000r\000k\000M\000a\000n\000a\000g\000e\000r\000\050\000\051\000\040\000[\0001\000/\0002\000]}{subsection.5.27.2}% 269
\BOOKMARK [3][-]{subsubsection.5.27.2.3}{\376\377\0005\000.\0002\0007\000.\0002\000.\0003\000\040\000c\000r\000e\000a\000t\000e\000N\000e\000t\000w\000o\000r\000k\000M\000a\000n\000a\000g\000e\000r\000\050\000\051\000\040\000[\0002\000/\0002\000]}{subsection.5.27.2}% 270
\BOOKMARK [3][-]{subsubsection.5.27.2.4}{\376\377\0005\000.\0002\0007\000.\0002\000.\0004\000\040\000c\000r\000e\000a\000t\000e\000S\000e\000r\000v\000e\000r\000S\000o\000c\000k\000e\000t\000\050\000\051}{subsection.5.27.2}% 271
\BOOKMARK [3][-]{subsubsection.5.27.2.5}{\376\377\0005\000.\0002\0007\000.\0002\000.\0005\000\040\000g\000e\000t\000N\000e\000t\000w\000o\000r\000k\000I\000n\000f\000o\000\050\000\051}{subsection.5.27.2}% 272
\BOOKMARK [3][-]{subsubsection.5.27.2.6}{\376\377\0005\000.\0002\0007\000.\0002\000.\0006\000\040\000g\000e\000t\000S\000o\000c\000k\000e\000t\000\050\000\051}{subsection.5.27.2}% 273
\BOOKMARK [3][-]{subsubsection.5.27.2.7}{\376\377\0005\000.\0002\0007\000.\0002\000.\0007\000\040\000g\000e\000t\000T\000y\000p\000e\000\050\000\051}{subsection.5.27.2}% 274
\BOOKMARK [3][-]{subsubsection.5.27.2.8}{\376\377\0005\000.\0002\0007\000.\0002\000.\0008\000\040\000r\000e\000a\000d\000O\000b\000j\000e\000c\000t\000\050\000\051}{subsection.5.27.2}% 275
\BOOKMARK [3][-]{subsubsection.5.27.2.9}{\376\377\0005\000.\0002\0007\000.\0002\000.\0009\000\040\000w\000r\000i\000t\000e\000O\000b\000j\000e\000c\000t\000\050\000\051}{subsection.5.27.2}% 276
\BOOKMARK [1][-]{section.5.28}{\376\377\0005\000.\0002\0008\000\040\000q\000u\000a\000s\000y\000l\000a\000b\000.\000s\000i\000b\000i\000l\000l\000a\000.\000c\000o\000r\000e\000.\000n\000e\000t\000w\000o\000r\000k\000.\000c\000o\000m\000m\000u\000n\000i\000c\000a\000t\000i\000o\000n\000.\000T\000C\000P\000N\000e\000t\000w\000o\000r\000k\000M\000a\000n\000a\000g\000e\000r\000T\000y\000p\000e\000\040\000E\000n\000u\000m\000\040\000R\000e\000f\000e\000r\000e\000n\000c\000e}{chapter.5}% 277
\BOOKMARK [2][-]{subsection.5.28.1}{\376\377\0005\000.\0002\0008\000.\0001\000\040\000D\000e\000t\000a\000i\000l\000e\000d\000\040\000D\000e\000s\000c\000r\000i\000p\000t\000i\000o\000n}{section.5.28}% 278
\BOOKMARK [2][-]{subsection.5.28.2}{\376\377\0005\000.\0002\0008\000.\0002\000\040\000M\000e\000m\000b\000e\000r\000\040\000D\000a\000t\000a\000\040\000D\000o\000c\000u\000m\000e\000n\000t\000a\000t\000i\000o\000n}{section.5.28}% 279
\BOOKMARK [3][-]{subsubsection.5.28.2.1}{\376\377\0005\000.\0002\0008\000.\0002\000.\0001\000\040\000D\000E\000F\000A\000U\000L\000T}{subsection.5.28.2}% 280
\BOOKMARK [3][-]{subsubsection.5.28.2.2}{\376\377\0005\000.\0002\0008\000.\0002\000.\0002\000\040\000S\000E\000C\000U\000R\000E}{subsection.5.28.2}% 281
\BOOKMARK [1][-]{section.5.29}{\376\377\0005\000.\0002\0009\000\040\000q\000u\000a\000s\000y\000l\000a\000b\000.\000s\000i\000b\000i\000l\000l\000a\000.\000c\000o\000r\000e\000.\000n\000e\000t\000w\000o\000r\000k\000.\000c\000o\000m\000m\000u\000n\000i\000c\000a\000t\000i\000o\000n\000.\000T\000C\000P\000S\000e\000c\000u\000r\000e\000N\000e\000t\000w\000o\000r\000k\000M\000a\000n\000a\000g\000e\000r\000\040\000C\000l\000a\000s\000s\000\040\000R\000e\000f\000e\000r\000e\000n\000c\000e}{chapter.5}% 282
\BOOKMARK [2][-]{subsection.5.29.1}{\376\377\0005\000.\0002\0009\000.\0001\000\040\000D\000e\000t\000a\000i\000l\000e\000d\000\040\000D\000e\000s\000c\000r\000i\000p\000t\000i\000o\000n}{section.5.29}% 283
\BOOKMARK [2][-]{subsection.5.29.2}{\376\377\0005\000.\0002\0009\000.\0002\000\040\000C\000o\000n\000s\000t\000r\000u\000c\000t\000o\000r\000\040\000\046\000\040\000D\000e\000s\000t\000r\000u\000c\000t\000o\000r\000\040\000D\000o\000c\000u\000m\000e\000n\000t\000a\000t\000i\000o\000n}{section.5.29}% 284
\BOOKMARK [3][-]{subsubsection.5.29.2.1}{\376\377\0005\000.\0002\0009\000.\0002\000.\0001\000\040\000T\000C\000P\000S\000e\000c\000u\000r\000e\000N\000e\000t\000w\000o\000r\000k\000M\000a\000n\000a\000g\000e\000r\000\050\000\051\000\040\000[\0001\000/\0002\000]}{subsection.5.29.2}% 285
\BOOKMARK [3][-]{subsubsection.5.29.2.2}{\376\377\0005\000.\0002\0009\000.\0002\000.\0002\000\040\000T\000C\000P\000S\000e\000c\000u\000r\000e\000N\000e\000t\000w\000o\000r\000k\000M\000a\000n\000a\000g\000e\000r\000\050\000\051\000\040\000[\0002\000/\0002\000]}{subsection.5.29.2}% 286
\BOOKMARK [2][-]{subsection.5.29.3}{\376\377\0005\000.\0002\0009\000.\0003\000\040\000M\000e\000m\000b\000e\000r\000\040\000F\000u\000n\000c\000t\000i\000o\000n\000\040\000D\000o\000c\000u\000m\000e\000n\000t\000a\000t\000i\000o\000n}{section.5.29}% 287
\BOOKMARK [3][-]{subsubsection.5.29.3.1}{\376\377\0005\000.\0002\0009\000.\0003\000.\0001\000\040\000c\000l\000o\000s\000e\000C\000o\000n\000n\000e\000c\000t\000i\000o\000n\000\050\000\051}{subsection.5.29.3}% 288
\BOOKMARK [3][-]{subsubsection.5.29.3.2}{\376\377\0005\000.\0002\0009\000.\0003\000.\0002\000\040\000g\000e\000t\000S\000o\000c\000k\000e\000t\000\050\000\051}{subsection.5.29.3}% 289
\BOOKMARK [3][-]{subsubsection.5.29.3.3}{\376\377\0005\000.\0002\0009\000.\0003\000.\0003\000\040\000g\000e\000t\000T\000y\000p\000e\000\050\000\051}{subsection.5.29.3}% 290
\BOOKMARK [3][-]{subsubsection.5.29.3.4}{\376\377\0005\000.\0002\0009\000.\0003\000.\0004\000\040\000r\000e\000a\000d\000O\000b\000j\000e\000c\000t\000\050\000\051}{subsection.5.29.3}% 291
\BOOKMARK [3][-]{subsubsection.5.29.3.5}{\376\377\0005\000.\0002\0009\000.\0003\000.\0005\000\040\000w\000r\000i\000t\000e\000O\000b\000j\000e\000c\000t\000\050\000\051}{subsection.5.29.3}% 292
\BOOKMARK [1][-]{section.5.30}{\376\377\0005\000.\0003\0000\000\040\000q\000u\000a\000s\000y\000l\000a\000b\000.\000s\000i\000b\000i\000l\000l\000a\000.\000c\000o\000r\000e\000.\000n\000e\000t\000w\000o\000r\000k\000.\000c\000o\000m\000m\000u\000n\000i\000c\000a\000t\000i\000o\000n\000.\000U\000D\000P\000D\000e\000f\000a\000u\000l\000t\000N\000e\000t\000w\000o\000r\000k\000M\000a\000n\000a\000g\000e\000r\000\040\000C\000l\000a\000s\000s\000\040\000R\000e\000f\000e\000r\000e\000n\000c\000e}{chapter.5}% 293
\BOOKMARK [2][-]{subsection.5.30.1}{\376\377\0005\000.\0003\0000\000.\0001\000\040\000D\000e\000t\000a\000i\000l\000e\000d\000\040\000D\000e\000s\000c\000r\000i\000p\000t\000i\000o\000n}{section.5.30}% 294
\BOOKMARK [2][-]{subsection.5.30.2}{\376\377\0005\000.\0003\0000\000.\0002\000\040\000C\000o\000n\000s\000t\000r\000u\000c\000t\000o\000r\000\040\000\046\000\040\000D\000e\000s\000t\000r\000u\000c\000t\000o\000r\000\040\000D\000o\000c\000u\000m\000e\000n\000t\000a\000t\000i\000o\000n}{section.5.30}% 295
\BOOKMARK [3][-]{subsubsection.5.30.2.1}{\376\377\0005\000.\0003\0000\000.\0002\000.\0001\000\040\000U\000D\000P\000D\000e\000f\000a\000u\000l\000t\000N\000e\000t\000w\000o\000r\000k\000M\000a\000n\000a\000g\000e\000r\000\050\000\051}{subsection.5.30.2}% 296
\BOOKMARK [2][-]{subsection.5.30.3}{\376\377\0005\000.\0003\0000\000.\0003\000\040\000M\000e\000m\000b\000e\000r\000\040\000F\000u\000n\000c\000t\000i\000o\000n\000\040\000D\000o\000c\000u\000m\000e\000n\000t\000a\000t\000i\000o\000n}{section.5.30}% 297
\BOOKMARK [3][-]{subsubsection.5.30.3.1}{\376\377\0005\000.\0003\0000\000.\0003\000.\0001\000\040\000c\000l\000o\000s\000e\000C\000o\000n\000n\000e\000c\000t\000i\000o\000n\000\050\000\051}{subsection.5.30.3}% 298
\BOOKMARK [3][-]{subsubsection.5.30.3.2}{\376\377\0005\000.\0003\0000\000.\0003\000.\0002\000\040\000r\000e\000a\000d\000O\000b\000j\000e\000c\000t\000\050\000\051}{subsection.5.30.3}% 299
\BOOKMARK [3][-]{subsubsection.5.30.3.3}{\376\377\0005\000.\0003\0000\000.\0003\000.\0003\000\040\000w\000r\000i\000t\000e\000O\000b\000j\000e\000c\000t\000\050\000\051}{subsection.5.30.3}% 300
\BOOKMARK [1][-]{section.5.31}{\376\377\0005\000.\0003\0001\000\040\000q\000u\000a\000s\000y\000l\000a\000b\000.\000s\000i\000b\000i\000l\000l\000a\000.\000c\000o\000r\000e\000.\000n\000e\000t\000w\000o\000r\000k\000.\000c\000o\000m\000m\000u\000n\000i\000c\000a\000t\000i\000o\000n\000.\000U\000D\000P\000N\000e\000t\000w\000o\000r\000k\000M\000a\000n\000a\000g\000e\000r\000\040\000I\000n\000t\000e\000r\000f\000a\000c\000e\000\040\000R\000e\000f\000e\000r\000e\000n\000c\000e}{chapter.5}% 301
\BOOKMARK [2][-]{subsection.5.31.1}{\376\377\0005\000.\0003\0001\000.\0001\000\040\000D\000e\000t\000a\000i\000l\000e\000d\000\040\000D\000e\000s\000c\000r\000i\000p\000t\000i\000o\000n}{section.5.31}% 302
\BOOKMARK [2][-]{subsection.5.31.2}{\376\377\0005\000.\0003\0001\000.\0002\000\040\000M\000e\000m\000b\000e\000r\000\040\000F\000u\000n\000c\000t\000i\000o\000n\000\040\000D\000o\000c\000u\000m\000e\000n\000t\000a\000t\000i\000o\000n}{section.5.31}% 303
\BOOKMARK [3][-]{subsubsection.5.31.2.1}{\376\377\0005\000.\0003\0001\000.\0002\000.\0001\000\040\000c\000l\000o\000s\000e\000C\000o\000n\000n\000e\000c\000t\000i\000o\000n\000\050\000\051}{subsection.5.31.2}% 304
\BOOKMARK [3][-]{subsubsection.5.31.2.2}{\376\377\0005\000.\0003\0001\000.\0002\000.\0002\000\040\000c\000r\000e\000a\000t\000e\000N\000e\000t\000w\000o\000r\000k\000M\000a\000n\000a\000g\000e\000r\000\050\000\051\000\040\000[\0001\000/\0002\000]}{subsection.5.31.2}% 305
\BOOKMARK [3][-]{subsubsection.5.31.2.3}{\376\377\0005\000.\0003\0001\000.\0002\000.\0003\000\040\000c\000r\000e\000a\000t\000e\000N\000e\000t\000w\000o\000r\000k\000M\000a\000n\000a\000g\000e\000r\000\050\000\051\000\040\000[\0002\000/\0002\000]}{subsection.5.31.2}% 306
\BOOKMARK [3][-]{subsubsection.5.31.2.4}{\376\377\0005\000.\0003\0001\000.\0002\000.\0004\000\040\000r\000e\000a\000d\000O\000b\000j\000e\000c\000t\000\050\000\051}{subsection.5.31.2}% 307
\BOOKMARK [3][-]{subsubsection.5.31.2.5}{\376\377\0005\000.\0003\0001\000.\0002\000.\0005\000\040\000w\000r\000i\000t\000e\000O\000b\000j\000e\000c\000t\000\050\000\051}{subsection.5.31.2}% 308
\BOOKMARK [1][-]{section.5.32}{\376\377\0005\000.\0003\0002\000\040\000q\000u\000a\000s\000y\000l\000a\000b\000.\000s\000i\000b\000i\000l\000l\000a\000.\000c\000o\000r\000e\000.\000n\000e\000t\000w\000o\000r\000k\000.\000c\000o\000m\000m\000u\000n\000i\000c\000a\000t\000i\000o\000n\000.\000U\000D\000P\000N\000e\000t\000w\000o\000r\000k\000M\000a\000n\000a\000g\000e\000r\000T\000y\000p\000e\000\040\000E\000n\000u\000m\000\040\000R\000e\000f\000e\000r\000e\000n\000c\000e}{chapter.5}% 309
\BOOKMARK [2][-]{subsection.5.32.1}{\376\377\0005\000.\0003\0002\000.\0001\000\040\000D\000e\000t\000a\000i\000l\000e\000d\000\040\000D\000e\000s\000c\000r\000i\000p\000t\000i\000o\000n}{section.5.32}% 310
\BOOKMARK [2][-]{subsection.5.32.2}{\376\377\0005\000.\0003\0002\000.\0002\000\040\000M\000e\000m\000b\000e\000r\000\040\000D\000a\000t\000a\000\040\000D\000o\000c\000u\000m\000e\000n\000t\000a\000t\000i\000o\000n}{section.5.32}% 311
\BOOKMARK [3][-]{subsubsection.5.32.2.1}{\376\377\0005\000.\0003\0002\000.\0002\000.\0001\000\040\000D\000E\000F\000A\000U\000L\000T}{subsection.5.32.2}% 312
\BOOKMARK [0][-]{section*.77}{\376\377\000I\000n\000d\000e\000x}{}% 313
